[19/02/2022 10:38:30] Starting search for tweets using query [search bitcoin lang:en].
[19/02/2022 10:38:30] Getting [300] tweets for period [2014-01-01T00:00:00Z] until [2014-01-01T03:05:10Z]
[19/02/2022 10:38:50] Period [2014-01-01T00:00:00Z - 2014-01-01T03:05:10Z] Stopping due to max period number of tweets [300] reached.
[19/02/2022 10:38:55] Getting [300] tweets for period [2014-01-01T03:05:11Z] until [2014-01-01T06:10:21Z]
[19/02/2022 10:40:59] Starting search for tweets using query [search bitcoin lang:en].
[19/02/2022 10:40:59] Getting [300] tweets for period [2017-05-03T00:00:00Z] until [2017-05-03T07:03:12Z]
[19/02/2022 10:41:19] Period [2017-05-03T00:00:00Z - 2017-05-03T07:03:12Z] Stopping due to max period number of tweets [300] reached.
[19/02/2022 10:41:25] Getting [300] tweets for period [2017-05-03T07:03:13Z] until [2017-05-03T14:06:25Z]
[19/02/2022 10:41:45] Period [2017-05-03T07:03:13Z - 2017-05-03T14:06:25Z] Stopping due to max period number of tweets [300] reached.
[19/02/2022 10:41:50] Getting [300] tweets for period [2017-05-03T14:06:26Z] until [2017-05-03T21:09:38Z]
[19/02/2022 10:42:13] Period [2017-05-03T14:06:26Z - 2017-05-03T21:09:38Z] Stopping due to max period number of tweets [300] reached.
[19/02/2022 10:42:18] Getting [300] tweets for period [2017-05-03T21:09:39Z] until [2017-05-04T00:00:00Z]
[19/02/2022 10:42:38] Period [2017-05-03T21:09:39Z - 2017-05-04T00:00:00Z] Stopping due to max period number of tweets [300] reached.
[19/02/2022 10:42:43] Search finished. 1200 downloaded.
[12/03/2022 10:13:56] Starting search for tweets using query [search manolis].
[12/03/2022 10:13:56] Getting [300] tweets for period [2022-03-10T00:00:00Z] until [2022-03-11T00:00:00Z]
[12/03/2022 10:14:00] Period [2022-03-10T00:00:00Z - 2022-03-11T00:00:00Z] Stopping due no more next tokens.
[12/03/2022 10:14:06] Search finished. 68 downloaded.
[12/03/2022 10:14:42] Starting search for tweets using query [search -f 1/3/2017 -u 5/3/2017 -t 1D0H0M0S upatras lang:en].
[12/03/2022 10:14:42] Getting [300] tweets for period [2022-03-10T00:00:00Z] until [2022-03-11T00:00:00Z]
[12/03/2022 10:14:42] Period [2022-03-10T00:00:00Z - 2022-03-11T00:00:00Z] Stopping due no more next tokens.
[12/03/2022 10:14:48] Getting [300] tweets for period [2017-03-01T00:00:00Z] until [2017-03-02T00:00:00Z]
[12/03/2022 10:14:48] Period [2017-03-01T00:00:00Z - 2017-03-02T00:00:00Z] Twitter endpoint error. Message:(400, '{"errors":[{"parameters":{"start_time":["2017-03-01T00:00Z"]},"message":"Invalid \'start_time\':\'2017-03-01T00:00Z\'. \'start_time\' must be on or after 2022-03-05T08:14Z"},{"parameters":{"end_time":["2017-03-02T00:00Z"]},"message":"Invalid \'end_time\':\'2017-03-02T00:00Z\'. \'end_time\' must be on or after 2022-03-05T08:14Z"}],"title":"Invalid Request","detail":"One or more parameters to your request was invalid.","type":"https://api.twitter.com/2/problems/invalid-request"}')
[12/03/2022 10:15:20] Getting [300] tweets for period [2017-03-01T00:00:00Z] until [2017-03-02T00:00:00Z]
[12/03/2022 10:15:21] Period [2017-03-01T00:00:00Z - 2017-03-02T00:00:00Z] Twitter endpoint error. Message:(400, '{"errors":[{"parameters":{"start_time":["2017-03-01T00:00Z"]},"message":"Invalid \'start_time\':\'2017-03-01T00:00Z\'. \'start_time\' must be on or after 2022-03-05T08:14Z"},{"parameters":{"end_time":["2017-03-02T00:00Z"]},"message":"Invalid \'end_time\':\'2017-03-02T00:00Z\'. \'end_time\' must be on or after 2022-03-05T08:14Z"}],"title":"Invalid Request","detail":"One or more parameters to your request was invalid.","type":"https://api.twitter.com/2/problems/invalid-request"}')
[12/03/2022 10:17:02] Getting [300] tweets for period [2017-03-01T00:00:00Z] until [2017-03-02T00:00:00Z]
[12/03/2022 10:17:03] Period [2017-03-01T00:00:00Z - 2017-03-02T00:00:00Z] Stopping due no more next tokens.
[12/03/2022 10:17:08] Getting [300] tweets for period [2017-03-02T00:00:00Z] until [2017-03-03T00:00:00Z]
[12/03/2022 10:17:09] Period [2017-03-02T00:00:00Z - 2017-03-03T00:00:00Z] Stopping due no more next tokens.
[12/03/2022 10:17:14] Getting [300] tweets for period [2017-03-03T00:00:00Z] until [2017-03-04T00:00:00Z]
[12/03/2022 10:17:15] Period [2017-03-03T00:00:00Z - 2017-03-04T00:00:00Z] Stopping due no more next tokens.
[12/03/2022 10:17:20] Getting [300] tweets for period [2017-03-04T00:00:00Z] until [2017-03-05T00:00:00Z]
[12/03/2022 10:17:20] Period [2017-03-04T00:00:00Z - 2017-03-05T00:00:00Z] Stopping due no more next tokens.
[12/03/2022 10:17:50] Getting [300] tweets for period [2022-03-10T00:00:00Z] until [2022-03-11T00:00:00Z]
[12/03/2022 10:17:51] Period [2022-03-10T00:00:00Z - 2022-03-11T00:00:00Z] Stopping due no more next tokens.
[12/03/2022 10:22:32] Starting search for tweets using query [search angie lang:el].
[12/03/2022 10:22:32] Getting [300] tweets for period [2022-03-10T00:00:00Z] until [2022-03-11T00:00:00Z]
[12/03/2022 10:22:33] Period [2022-03-10T00:00:00Z - 2022-03-11T00:00:00Z] Stopping due no more next tokens.
[12/03/2022 10:22:38] Search finished. 27 downloaded.
[12/03/2022 10:23:19] Starting search for tweets using query [search athina lang:el].
[12/03/2022 10:23:19] Getting [300] tweets for period [2022-03-10T00:00:00Z] until [2022-03-11T00:00:00Z]
[12/03/2022 10:23:34] Period [2022-03-10T00:00:00Z - 2022-03-11T00:00:00Z] Stopping due no more next tokens.
[12/03/2022 10:23:39] Getting [300] tweets for period [2022-03-10T00:00:00Z] until [2022-03-11T00:00:00Z]
[12/03/2022 10:23:53] Period [2022-03-10T00:00:00Z - 2022-03-11T00:00:00Z] Stopping due no more next tokens.
[12/03/2022 10:24:35] Getting [300] tweets for period [2022-03-10T00:00:00Z] until [2022-03-11T00:00:00Z]
[12/03/2022 10:24:36] Period [2022-03-10T00:00:00Z - 2022-03-11T00:00:00Z] Stopping due no more next tokens.
[12/03/2022 13:01:16] Getting [300] tweets for period [2022-03-10T00:00:00Z] until [2022-03-11T00:00:00Z]
[12/03/2022 13:01:38] Period [2022-03-10T00:00:00Z - 2022-03-11T00:00:00Z] Stopping due to max period number of tweets [300] reached.
[12/03/2022 13:02:18] Getting [300] tweets for period [2022-03-10T00:00:00Z] until [2022-03-11T00:00:00Z]
[12/03/2022 13:02:39] Period [2022-03-10T00:00:00Z - 2022-03-11T00:00:00Z] Stopping due to max period number of tweets [300] reached.
[12/03/2022 13:46:03] Starting search for tweets using query [search].
[12/03/2022 13:46:03] Getting [300] tweets for period [2022-03-10T00:00:00Z] until [2022-03-11T00:00:00Z]
[12/03/2022 13:46:04] Period [2022-03-10T00:00:00Z - 2022-03-11T00:00:00Z] Twitter endpoint error. Message:(400, '{"errors":[{"parameters":{"query":[""]},"message":"Invalid \'query\':\'\'. \'query\' must be a non-empty string"}],"title":"Invalid Request","detail":"One or more parameters to your request was invalid.","type":"https://api.twitter.com/2/problems/invalid-request"}')
[12/03/2022 13:56:13] Starting search for tweets using query [search mmk].
[12/03/2022 13:56:13] Getting [300] tweets for period [2022-03-10T00:00:00Z] until [2022-03-11T00:00:00Z]
[12/03/2022 13:56:34] Period [2022-03-10T00:00:00Z - 2022-03-11T00:00:00Z] Stopping due to max period number of tweets [300] reached.
[12/03/2022 13:56:39] Search finished. 300 downloaded.
