[30/12/2021 19:34:41] Starting
[30/12/2021 19:35:06] Starting
[30/12/2021 19:38:45] Starting search for tweets using query [search covid lang:de from:28/12/2021 until:29/12/2021].
[30/12/2021 19:38:55] Search finished.
[30/12/2021 19:49:42] Starting search for tweets using query [search covid lang:el from:28/12/2021 until:29/12/2021].
[30/12/2021 19:49:42] Getting [300] tweets for period [2021-12-25T00:00:00Z] until [2021-12-26T00:00:00Z]
[30/12/2021 19:50:04] Stopping due to max period number of tweets [300] reached.
[30/12/2021 19:50:09] Getting [300] tweets for period [2021-12-27T00:00:00Z] until [2021-12-28T00:00:00Z]
[30/12/2021 19:50:29] Stopping due to max period number of tweets [300] reached.
[30/12/2021 19:50:34] Getting [300] tweets for period [2021-12-28T00:00:00Z] until [2021-12-29T00:00:00Z]
[30/12/2021 19:50:56] Stopping due to max period number of tweets [300] reached.
[30/12/2021 19:51:01] Search finished.
[30/12/2021 20:05:03] Starting search for tweets using query [search covid lang:el from:28/12/2021 until:30/12/2021].
[30/12/2021 20:05:03] Getting [300] tweets for period [2021-12-28T00:00:00Z] until [2021-12-30T00:00:00Z]
[30/12/2021 20:05:22] Period [2021-12-28T00:00:00Z - 2021-12-30T00:00:00Z] Stopping due to max period number of tweets [300] reached.
[30/12/2021 20:05:28] Search finished.
[30/12/2021 20:07:05] Starting search for tweets using query [search covid lang:el from:28/12/2021 until:30/12/2021].
[30/12/2021 20:07:05] Getting [300] tweets for period [2021-12-26T00:00:00Z] until [2021-12-27T00:00:00Z]
[30/12/2021 20:07:26] Period [2021-12-26T00:00:00Z - 2021-12-27T00:00:00Z] Stopping due to max period number of tweets [300] reached.
[30/12/2021 20:07:31] Getting [300] tweets for period [2021-12-28T00:00:00Z] until [2021-12-30T00:00:00Z]
[30/12/2021 20:07:52] Period [2021-12-28T00:00:00Z - 2021-12-30T00:00:00Z] Stopping due to max period number of tweets [300] reached.
[30/12/2021 20:07:57] Search finished.
[31/12/2021 11:49:11] Starting search for tweets using query [search covid19 lang:en from:28/12/2021@21:06:55 until:30/12/2021@04:14:02.123].
[31/12/2021 11:49:11] Getting [19] tweets for period [2021-12-28T21:06:55Z] until [2021-12-30T04:14:02.123000Z]
[31/12/2021 11:49:14] Period [2021-12-28T21:06:55Z - 2021-12-30T04:14:02.123000Z] Stopping due to max period number of tweets [19] reached.
[31/12/2021 11:49:19] Search finished.
[31/12/2021 12:07:15] Starting search for tweets using query [search μανώλης lang:el from:3/11/2011 until:5/6/2012].
[31/12/2021 12:07:15] Getting [303] tweets for period [2011-03-11T00:00:00Z] until [2012-05-06T00:00:00Z]
[31/12/2021 12:07:34] Period [2011-03-11T00:00:00Z - 2012-05-06T00:00:00Z] Stopping due to max period number of tweets [303] reached.
[31/12/2021 12:07:39] Search finished.
[31/12/2021 12:15:58] Starting search for tweets using query [search covid from:27/12/2021 until:31/12/2021@02:33:42.145].
[31/12/2021 12:15:58] Getting [300] tweets for period [2021-12-27T00:00:00Z] until [2021-12-31T02:33:42.145000Z]
[31/12/2021 12:16:51] Starting search for tweets using query [search covid from:27/12/2021 until:31/12/2021@02:33:42.145].
[31/12/2021 12:16:51] Getting [300] tweets for period [2021-12-27T00:00:00Z] until [2021-12-31T02:33:42.145000Z]
[31/12/2021 12:16:51] Period [2021-12-27T00:00:00Z - 2021-12-31T02:33:42.145000Z] Twitter endpoint error. Message:(400, '{"errors":[{"parameters":{"query":["covid lang:"]},"message":"There were errors processing your request: missing EOF at \'lang\' (at position 7)"}],"title":"Invalid Request","detail":"One or more parameters to your request was invalid.","type":"https://api.twitter.com/2/problems/invalid-request"}')
[31/12/2021 12:17:40] Starting search for tweets using query [search covid lang:el from:27/12/2021 until:31/12/2021@02:33:42.145].
[31/12/2021 12:17:40] Getting [300] tweets for period [2021-12-27T00:00:00Z] until [2021-12-31T02:33:42.145000Z]
[31/12/2021 12:17:59] Period [2021-12-27T00:00:00Z - 2021-12-31T02:33:42.145000Z] Stopping due to max period number of tweets [300] reached.
[31/12/2021 12:18:04] Search finished.
[31/12/2021 12:23:57] Starting search for tweets using query [search pcr from:28/12/2021 until:29/12/2021].
[31/12/2021 12:23:57] Getting [300] tweets for period [2021-12-28T00:00:00Z] until [2021-12-29T00:00:00Z]
[31/12/2021 12:24:17] Period [2021-12-28T00:00:00Z - 2021-12-29T00:00:00Z] Stopping due to max period number of tweets [300] reached.
[31/12/2021 12:24:22] Search finished.
[31/12/2021 12:40:23] Starting search for tweets using query [search manolis lang:de from:29/12/2021 until:31/12/2021].
[31/12/2021 12:40:23] Getting [300] tweets for period [2021-12-29T00:00:00Z] until [2021-12-31T00:00:00Z]
[31/12/2021 12:40:23] Period [2021-12-29T00:00:00Z - 2021-12-31T00:00:00Z] Stopping due no more next tokens.
[31/12/2021 12:40:29] Search finished.
[31/12/2021 12:44:21] Starting search for tweets using query [search manolis lang:de from:29/12/2021 until:31/12/2021].
[31/12/2021 12:44:21] Getting [92] tweets for period [2021-12-29T00:00:00Z] until [2021-12-31T00:00:00Z]
[31/12/2021 12:44:21] Period [2021-12-29T00:00:00Z - 2021-12-31T00:00:00Z] Stopping due no more next tokens.
[31/12/2021 12:44:26] Search finished.
[31/12/2021 12:45:31] Starting search for tweets using query [search manolis lang:el from:24/12/2021 until:31/12/2021].
[31/12/2021 12:45:31] Getting [92] tweets for period [2021-12-24T00:00:00Z] until [2021-12-31T00:00:00Z]
[31/12/2021 12:45:32] Period [2021-12-24T00:00:00Z - 2021-12-31T00:00:00Z] Twitter endpoint error. Message:(400, '{"errors":[{"parameters":{"start_time":["2021-12-24T00:00Z"]},"message":"Invalid \'start_time\':\'2021-12-24T00:00Z\'. \'start_time\' must be on or after 2021-12-24T10:44Z"}],"title":"Invalid Request","detail":"One or more parameters to your request was invalid.","type":"https://api.twitter.com/2/problems/invalid-request"}')
[31/12/2021 12:46:56] Starting search for tweets using query [search manolis lang:el from:25/12/2021 until:31/12/2021].
[31/12/2021 12:46:56] Getting [92] tweets for period [2021-12-25T00:00:00Z] until [2021-12-31T00:00:00Z]
[31/12/2021 12:47:03] Period [2021-12-25T00:00:00Z - 2021-12-31T00:00:00Z] Stopping due to max period number of tweets [92] reached.
[31/12/2021 12:47:08] Search finished.
[31/12/2021 12:47:58] Starting search for tweets using query [search χρήστος lang:el from:25/12/2021 until:31/12/2021].
[31/12/2021 12:47:58] Getting [92] tweets for period [2021-12-25T00:00:00Z] until [2021-12-31T00:00:00Z]
[31/12/2021 12:48:05] Period [2021-12-25T00:00:00Z - 2021-12-31T00:00:00Z] Stopping due to max period number of tweets [92] reached.
[31/12/2021 12:48:10] Search finished.
[31/12/2021 12:48:48] Starting search for tweets using query [search manolis χρήστος μανόλης lang:el from:25/12/2021 until:31/12/2021].
[31/12/2021 12:48:48] Getting [92] tweets for period [2021-12-25T00:00:00Z] until [2021-12-31T00:00:00Z]
[31/12/2021 12:48:49] Period [2021-12-25T00:00:00Z - 2021-12-31T00:00:00Z] Stopping due no more next tokens.
[31/12/2021 12:48:54] Search finished.
[31/12/2021 12:49:19] Starting search for tweets using query [search μανώλης χρήστος lang:el from:25/12/2021 until:31/12/2021].
[31/12/2021 12:49:19] Getting [92] tweets for period [2021-12-25T00:00:00Z] until [2021-12-31T00:00:00Z]
[31/12/2021 12:49:19] Period [2021-12-25T00:00:00Z - 2021-12-31T00:00:00Z] Stopping due no more next tokens.
[31/12/2021 12:49:25] Search finished.
[31/12/2021 12:56:04] Starting search for tweets using query [search xmas lang:en from:25/12/2021 until:30/12/2021].
[31/12/2021 12:56:04] Getting [4000] tweets for period [2021-12-25T00:00:00Z] until [2021-12-30T00:00:00Z]
[31/12/2021 13:00:26] Period [2021-12-25T00:00:00Z - 2021-12-30T00:00:00Z] Stopping due to max period number of tweets [4000] reached.
[31/12/2021 13:00:31] Search finished.
[31/12/2021 13:32:53] Starting search for tweets using query [search manolis lang=en from:28/12/2021 until:31/12/2021].
[31/12/2021 13:32:53] Getting [300] tweets for period [2021-12-28T00:00:00Z] until [2021-12-31T00:00:00Z]
[31/12/2021 13:32:53] Period [2021-12-28T00:00:00Z - 2021-12-31T00:00:00Z] Twitter endpoint error. Message:(401, '{\n  "title": "Unauthorized",\n  "type": "about:blank",\n  "status": 401,\n  "detail": "Unauthorized"\n}')
[31/12/2021 13:40:48] Starting search for tweets using query [search nikolaus lang:de from:26/12/2021 until:30/12/2021].
[31/12/2021 13:40:48] Getting [300] tweets for period [2021-12-26T00:00:00Z] until [2021-12-30T00:00:00Z]
[31/12/2021 13:41:07] Period [2021-12-26T00:00:00Z - 2021-12-30T00:00:00Z] Stopping due to max period number of tweets [300] reached.
[31/12/2021 13:41:12] Search finished.
[31/12/2021 13:41:25] Starting search for tweets using query [search nikolaus lang:de from:26/12/2021 until:30/12/2021].
[31/12/2021 13:41:25] Getting [300] tweets for period [2021-12-26T00:00:00Z] until [2021-12-30T00:00:00Z]
[31/12/2021 13:41:45] Period [2021-12-26T00:00:00Z - 2021-12-30T00:00:00Z] Stopping due to max period number of tweets [300] reached.
[31/12/2021 13:41:51] Search finished.
[02/01/2022 10:24:48] Starting search for tweets using query [search happy new year lang:en from:31/12/2021 until:1/1/2022].
[02/01/2022 10:24:48] Getting [129] tweets for period [2021-12-31T00:00:00Z] until [2022-01-01T00:00:00Z]
[02/01/2022 10:24:58] Period [2021-12-31T00:00:00Z - 2022-01-01T00:00:00Z] Stopping due to max period number of tweets [129] reached.
[02/01/2022 10:25:03] Search finished.
[02/01/2022 17:47:27] Starting search for tweets using query [search corona virus lang:en from:31/12/2021 until:1/1/2022].
[02/01/2022 17:47:27] Getting [101] tweets for period [2021-12-31T00:00:00Z] until [2022-01-01T00:00:00Z]
[02/01/2022 17:47:34] Period [2021-12-31T00:00:00Z - 2022-01-01T00:00:00Z] Stopping due to max period number of tweets [101] reached.
[02/01/2022 17:47:39] Search finished.
[02/01/2022 17:56:38] Starting search for tweets using query [search covid omicron lang:en from:30/12/2021 until:1/1/2022].
[02/01/2022 17:56:38] Getting [204] tweets for period [2021-12-30T00:00:00Z] until [2022-01-01T00:00:00Z]
[02/01/2022 17:56:52] Period [2021-12-30T00:00:00Z - 2022-01-01T00:00:00Z] Stopping due to max period number of tweets [204] reached.
[02/01/2022 17:59:55] Starting search for tweets using query [search covid omicron lang:en from:20/12/2021 until:1/1/2022].
[02/01/2022 17:59:55] Getting [169] tweets for period [2021-12-20T00:00:00Z] until [2022-01-01T00:00:00Z]
[02/01/2022 17:59:55] Period [2021-12-20T00:00:00Z - 2022-01-01T00:00:00Z] Twitter endpoint error. Message:(400, '{"errors":[{"parameters":{"start_time":["2021-12-20T00:00Z"]},"message":"Invalid \'start_time\':\'2021-12-20T00:00Z\'. \'start_time\' must be on or after 2021-12-26T15:53Z"}],"title":"Invalid Request","detail":"One or more parameters to your request was invalid.","type":"https://api.twitter.com/2/problems/invalid-request"}')
[02/01/2022 18:01:25] Starting search for tweets using query [search covid omicron lang:en from:30/12/2021 until:1/1/2022].
[02/01/2022 18:01:25] Getting [169] tweets for period [2021-12-30T00:00:00Z] until [2022-01-01T00:00:00Z]
[02/01/2022 18:01:39] Period [2021-12-30T00:00:00Z - 2022-01-01T00:00:00Z] Stopping due to max period number of tweets [169] reached.
[02/01/2022 18:01:45] Search finished. 169 downloaded.
[02/01/2022 19:57:45] Starting search for tweets using query [search ICU lang:en from:29/12/2021 until:31/12/2021].
[02/01/2022 19:57:45] Getting [344] tweets for period [2021-12-29T00:00:00Z] until [2021-12-31T00:00:00Z]
[02/01/2022 19:58:09] Period [2021-12-29T00:00:00Z - 2021-12-31T00:00:00Z] Stopping due to max period number of tweets [344] reached.
[02/01/2022 19:58:14] Search finished. 344 downloaded.
[03/01/2022 10:26:46] Starting search for tweets using query [search omicron lang:en from:31/12/2021 until:2/1/2022].
[03/01/2022 10:26:46] Getting [405] tweets for period [2021-12-31T00:00:00Z] until [2022-02-01T00:00:00Z]
[03/01/2022 10:26:46] Period [2021-12-31T00:00:00Z - 2022-02-01T00:00:00Z] Twitter endpoint error. Message:(400, '{"errors":[{"parameters":{"end_time":["2022-02-01T00:00Z"]},"message":"Invalid \'end_time\':\'2022-02-01T00:00Z\'. \'end_time\' must be a minimum of 10 seconds prior to the request time."}],"title":"Invalid Request","detail":"One or more parameters to your request was invalid.","type":"https://api.twitter.com/2/problems/invalid-request"}')
[03/01/2022 10:28:03] Starting search for tweets using query [search omicron lang:en from:31/12/2021 until:1/2/2022].
[03/01/2022 10:28:03] Getting [405] tweets for period [2021-12-31T00:00:00Z] until [2022-01-02T00:00:00Z]
[03/01/2022 10:28:32] Period [2021-12-31T00:00:00Z - 2022-01-02T00:00:00Z] Stopping due to max period number of tweets [405] reached.
[03/01/2022 10:28:37] Search finished. 405 downloaded.
[03/01/2022 10:31:56] Starting search for tweets using query [search cases lang:en from:31/12/2021 until:2/1/2022].
[03/01/2022 10:31:56] Getting [34] tweets for period [2021-12-31T00:00:00Z] until [2022-01-02T00:00:00Z]
[03/01/2022 10:31:59] Period [2021-12-31T00:00:00Z - 2022-01-02T00:00:00Z] Stopping due to max period number of tweets [34] reached.
[03/01/2022 10:32:04] Search finished. 34 downloaded.
[06/01/2022 22:17:57] Starting search for tweets using query [search fuck you].
[06/01/2022 22:17:57] Search finished. 0 downloaded.
[06/01/2022 22:18:51] Starting search for tweets using query [search fuck you from 4/1/2022 until:5/1/2022 lang:de].
[06/01/2022 22:18:51] Search finished. 0 downloaded.
[15/01/2022 18:53:00] Starting search for tweets using query [search manolis lang:en from:20/05/2016 until:5/12/2016 -is:retweet].
[15/01/2022 18:53:00] Getting [700] tweets for period [2016-05-20T00:00:00Z] until [2016-05-12T00:00:00Z]
[15/01/2022 18:53:01] Period [2016-05-20T00:00:00Z - 2016-05-12T00:00:00Z] Twitter endpoint error. Message:(400, '{"errors":[{"parameters":{"start_time":["2016-05-20T00:00Z"],"end_time":["2016-05-12T00:00Z"]},"message":"Invalid \'start_time\':\'2016-05-20T00:00Z\'. \'start_time\' must be before \'end_time\':2016-05-12T00:00Z"}],"title":"Invalid Request","detail":"One or more parameters to your request was invalid.","type":"https://api.twitter.com/2/problems/invalid-request"}')
[15/01/2022 18:55:03] Starting search for tweets using query [search manolis lang:en from:20/05/2016 until:5/12/2016 -is:retweet].
[15/01/2022 18:55:03] Getting [700] tweets for period [2016-05-20T00:00:00Z] until [2016-05-12T00:00:00Z]
[15/01/2022 18:55:03] Period [2016-05-20T00:00:00Z - 2016-05-12T00:00:00Z] Twitter endpoint error. Message:(400, '{"errors":[{"parameters":{"start_time":["2016-05-20T00:00Z"],"end_time":["2016-05-12T00:00Z"]},"message":"Invalid \'start_time\':\'2016-05-20T00:00Z\'. \'start_time\' must be before \'end_time\':2016-05-12T00:00Z"}],"title":"Invalid Request","detail":"One or more parameters to your request was invalid.","type":"https://api.twitter.com/2/problems/invalid-request"}')
[15/01/2022 18:56:25] Starting search for tweets using query [search manolis lang:en from:20/05/2016 until:25/05/2016 -is:retweet].
[15/01/2022 18:56:25] Getting [700] tweets for period [2016-05-20T00:00:00Z] until [2016-05-25T00:00:00Z]
[15/01/2022 18:56:26] Period [2016-05-20T00:00:00Z - 2016-05-25T00:00:00Z] Stopping due no more next tokens.
[15/01/2022 18:56:31] Search finished. 29 downloaded.
[15/01/2022 18:56:51] Starting search for tweets using query [search manolis lang:en from:20/05/2016 until:1/06/2016 -is:retweet].
[15/01/2022 18:56:51] Getting [700] tweets for period [2016-05-20T00:00:00Z] until [2016-01-06T00:00:00Z]
[15/01/2022 18:56:51] Period [2016-05-20T00:00:00Z - 2016-01-06T00:00:00Z] Twitter endpoint error. Message:(400, '{"errors":[{"parameters":{"start_time":["2016-05-20T00:00Z"],"end_time":["2016-01-06T00:00Z"]},"message":"Invalid \'start_time\':\'2016-05-20T00:00Z\'. \'start_time\' must be before \'end_time\':2016-01-06T00:00Z"}],"title":"Invalid Request","detail":"One or more parameters to your request was invalid.","type":"https://api.twitter.com/2/problems/invalid-request"}')
[15/01/2022 19:00:18] Starting search for tweets using query [search manolis lang:en from:20/05/2016 until:5/12/2016 -is:retweet].
[15/01/2022 19:00:18] Getting [700] tweets for period [2016-05-20T00:00:00Z] until [2016-12-05T00:00:00Z]
[15/01/2022 19:01:10] Period [2016-05-20T00:00:00Z - 2016-12-05T00:00:00Z] Stopping due to max period number of tweets [700] reached.
[15/01/2022 19:01:16] Search finished. 700 downloaded.
[15/01/2022 19:17:43] Starting search for tweets using query [search galiatsatou lang:el from:12/12/2019 until:3/5/2020 -is:retweed].
[15/01/2022 19:17:43] Getting [700] tweets for period [2019-12-12T00:00:00Z] until [2020-05-03T00:00:00Z]
[15/01/2022 19:17:44] Period [2019-12-12T00:00:00Z - 2020-05-03T00:00:00Z] Twitter endpoint error. Message:(400, '{"errors":[{"parameters":{"query":["galiatsatou -is:retweed lang:el"]},"message":"There were errors processing your request: Reference to invalid operator \'is:retweed\'. Operator is not available in current product or product packaging. Please refer to complete available operator list at http://t.co/operators. (at position 17)"}],"title":"Invalid Request","detail":"One or more parameters to your request was invalid.","type":"https://api.twitter.com/2/problems/invalid-request"}')
[15/01/2022 19:18:46] Starting search for tweets using query [search galiatsatou lang:el from:12/12/2019 until:23/1/2020 -is:retweed].
[15/01/2022 19:18:46] Getting [700] tweets for period [2019-12-12T00:00:00Z] until [2020-01-23T00:00:00Z]
[15/01/2022 19:18:47] Period [2019-12-12T00:00:00Z - 2020-01-23T00:00:00Z] Twitter endpoint error. Message:(400, '{"errors":[{"parameters":{"query":["galiatsatou -is:retweed lang:el"]},"message":"There were errors processing your request: Reference to invalid operator \'is:retweed\'. Operator is not available in current product or product packaging. Please refer to complete available operator list at http://t.co/operators. (at position 17)"}],"title":"Invalid Request","detail":"One or more parameters to your request was invalid.","type":"https://api.twitter.com/2/problems/invalid-request"}')
[15/01/2022 19:20:02] Starting search for tweets using query [search galiatsatou lang:el from:12/12/2019 until:23/1/2020 -is:retweed].
[15/01/2022 19:20:02] Getting [700] tweets for period [2019-12-12T00:00:00Z] until [2020-01-23T00:00:00Z]
[15/01/2022 19:20:03] Period [2019-12-12T00:00:00Z - 2020-01-23T00:00:00Z] Twitter endpoint error. Message:(400, '{"errors":[{"parameters":{"query":["galiatsatou -is:retweed lang:el"]},"message":"There were errors processing your request: Reference to invalid operator \'is:retweed\'. Operator is not available in current product or product packaging. Please refer to complete available operator list at http://t.co/operators. (at position 17)"}],"title":"Invalid Request","detail":"One or more parameters to your request was invalid.","type":"https://api.twitter.com/2/problems/invalid-request"}')
[15/01/2022 19:20:35] Starting search for tweets using query [search galiatsatou lang:el from:12/12/2019 until:23/1/2020].
[15/01/2022 19:20:35] Getting [700] tweets for period [2019-12-12T00:00:00Z] until [2020-01-23T00:00:00Z]
[15/01/2022 19:20:36] Period [2019-12-12T00:00:00Z - 2020-01-23T00:00:00Z] Stopping due no more next tokens.
[15/01/2022 19:20:41] Search finished. 3 downloaded.
[15/01/2022 19:21:13] Starting search for tweets using query [search galiatsatou lang:el from:12/12/2019 until:23/1/2020 -is:retweed].
[15/01/2022 19:21:13] Getting [700] tweets for period [2019-12-12T00:00:00Z] until [2020-01-23T00:00:00Z]
[15/01/2022 19:21:14] Period [2019-12-12T00:00:00Z - 2020-01-23T00:00:00Z] Twitter endpoint error. Message:(400, '{"errors":[{"parameters":{"query":["galiatsatou -is:retweed lang:el"]},"message":"There were errors processing your request: Reference to invalid operator \'is:retweed\'. Operator is not available in current product or product packaging. Please refer to complete available operator list at http://t.co/operators. (at position 17)"}],"title":"Invalid Request","detail":"One or more parameters to your request was invalid.","type":"https://api.twitter.com/2/problems/invalid-request"}')
[15/01/2022 19:21:28] Starting search for tweets using query [search galiatsatou lang:el from:12/12/2019 until:23/1/2020].
[15/01/2022 19:21:28] Getting [700] tweets for period [2019-12-12T00:00:00Z] until [2020-01-23T00:00:00Z]
[15/01/2022 19:21:29] Period [2019-12-12T00:00:00Z - 2020-01-23T00:00:00Z] Stopping due no more next tokens.
[15/01/2022 19:21:34] Search finished. 3 downloaded.
[15/01/2022 19:22:00] Starting search for tweets using query [search γαλιατσάτου lang:el from:12/12/2018 until:23/1/2020].
[15/01/2022 19:22:00] Getting [700] tweets for period [2018-12-12T00:00:00Z] until [2020-01-23T00:00:00Z]
[15/01/2022 19:22:23] Period [2018-12-12T00:00:00Z - 2020-01-23T00:00:00Z] Stopping due no more next tokens.
[15/01/2022 19:22:28] Search finished. 389 downloaded.
[15/01/2022 19:24:18] Starting search for tweets using query [search γαλιατσάτου from:3/4/2017 until:1/1/2018].
[15/01/2022 19:24:18] Getting [700] tweets for period [2017-04-03T00:00:00Z] until [2018-01-01T00:00:00Z]
[15/01/2022 19:24:25] Period [2017-04-03T00:00:00Z - 2018-01-01T00:00:00Z] Stopping due no more next tokens.
[15/01/2022 19:24:31] Search finished. 148 downloaded.
[15/01/2022 19:25:10] Starting search for tweets using query [search sonia galiatsatou from:3/4/2017 until:1/1/2018].
[15/01/2022 19:25:10] Getting [700] tweets for period [2017-04-03T00:00:00Z] until [2018-01-01T00:00:00Z]
[15/01/2022 19:25:10] Period [2017-04-03T00:00:00Z - 2018-01-01T00:00:00Z] Stopping due no more next tokens.
[15/01/2022 19:25:15] Search finished. 0 downloaded.
[15/01/2022 19:25:30] Starting search for tweets using query [search dionygal from:3/4/2017 until:1/1/2018].
[15/01/2022 19:25:30] Getting [700] tweets for period [2017-04-03T00:00:00Z] until [2018-01-01T00:00:00Z]
[15/01/2022 19:25:32] Period [2017-04-03T00:00:00Z - 2018-01-01T00:00:00Z] Stopping due no more next tokens.
[15/01/2022 19:25:37] Search finished. 0 downloaded.
[15/01/2022 19:25:48] Starting search for tweets using query [search bitcoin from:3/4/2017 until:1/1/2018].
[15/01/2022 19:25:48] Getting [700] tweets for period [2017-04-03T00:00:00Z] until [2018-01-01T00:00:00Z]
[15/01/2022 19:26:38] Period [2017-04-03T00:00:00Z - 2018-01-01T00:00:00Z] Stopping due to max period number of tweets [700] reached.
[15/01/2022 19:26:43] Search finished. 700 downloaded.
[15/01/2022 19:29:06] Starting search for tweets using query [search bitcoin  lang:en from:1/1/2015 until:4/5/2019 -is:retweet].
[15/01/2022 19:29:06] Getting [700] tweets for period [2015-01-01T00:00:00Z] until [2019-05-04T00:00:00Z]
[15/01/2022 19:29:58] Period [2015-01-01T00:00:00Z - 2019-05-04T00:00:00Z] Stopping due to max period number of tweets [700] reached.
[15/01/2022 19:30:03] Search finished. 700 downloaded.
[15/01/2022 19:33:05] Starting search for tweets using query [search etherium from:3/3/2018 until:5/5/2020 -is:retweet].
[15/01/2022 19:33:05] Getting [700] tweets for period [2018-03-03T00:00:00Z] until [2020-05-05T00:00:00Z]
[15/01/2022 19:33:06] Period [2018-03-03T00:00:00Z - 2020-05-05T00:00:00Z] Stopping due no more next tokens.
[15/01/2022 19:33:11] Search finished. 8 downloaded.
[15/01/2022 19:33:41] Starting search for tweets using query [search ethereum from:3/3/2018 until:5/5/2020 -is:retweet].
[15/01/2022 19:33:41] Getting [700] tweets for period [2018-03-03T00:00:00Z] until [2020-05-05T00:00:00Z]
[15/01/2022 19:33:46] Period [2018-03-03T00:00:00Z - 2020-05-05T00:00:00Z] Stopping due no more next tokens.
[15/01/2022 19:33:51] Search finished. 195 downloaded.
[28/01/2022 19:59:08] Starting search for tweets using query [search manolis from:1/1/2010 until:10/10/2010 lang:en].
[28/01/2022 19:59:08] Getting [700] tweets for period [2010-01-01T00:00:00Z] until [2010-10-10T00:00:00Z]
[28/01/2022 20:00:48] Starting search for tweets using query [search porn from:3/4/2012 until:5/6/2012 lang:en].
[28/01/2022 20:00:48] Getting [700] tweets for period [2012-04-03T00:00:00Z] until [2012-06-05T00:00:00Z]
[28/01/2022 20:01:17] Period [2012-04-03T00:00:00Z - 2012-06-05T00:00:00Z] Stopping due to max period number of tweets [700] reached.
[28/01/2022 20:01:22] Search finished. 700 downloaded.
[28/01/2022 20:02:09] Starting search for tweets using query [search porn from:1/1/2010 until:5/6/2012 lang:en].
[28/01/2022 20:02:09] Getting [700] tweets for period [2010-01-01T00:00:00Z] until [2012-06-05T00:00:00Z]
[28/01/2022 20:02:38] Starting search for tweets using query [search manolis from:1/1/2010 until:10/10/2010 lang:en].
[28/01/2022 20:02:38] Getting [700] tweets for period [2010-01-01T00:00:00Z] until [2010-10-10T00:00:00Z]
[28/01/2022 20:02:38] Period [2010-01-01T00:00:00Z - 2010-10-10T00:00:00Z] Twitter endpoint error. Message:(401, '{\n  "title": "Unauthorized",\n  "type": "about:blank",\n  "status": 401,\n  "detail": "Unauthorized"\n}')
[28/01/2022 20:04:15] Starting search for tweets using query [search manolis from:1/1/2010 until:30/1/2010 lang:en].
[28/01/2022 20:04:15] Getting [700] tweets for period [2010-01-01T00:00:00Z] until [2010-01-30T00:00:00Z]
[28/01/2022 20:04:16] Period [2010-01-01T00:00:00Z - 2010-01-30T00:00:00Z] Stopping due no more next tokens.
[28/01/2022 20:04:21] Search finished. 57 downloaded.
[28/01/2022 20:04:36] Starting search for tweets using query [search manolis from:1/1/2010 until:1/2/2010 lang:en].
[28/01/2022 20:04:36] Getting [700] tweets for period [2010-01-01T00:00:00Z] until [2010-02-01T00:00:00Z]
[28/01/2022 20:04:38] Period [2010-01-01T00:00:00Z - 2010-02-01T00:00:00Z] Stopping due no more next tokens.
[28/01/2022 20:04:43] Search finished. 61 downloaded.
[28/01/2022 20:05:01] Starting search for tweets using query [search manolis from:1/1/2010 until:1/7/2010 lang:en].
[28/01/2022 20:05:01] Getting [700] tweets for period [2010-01-01T00:00:00Z] until [2010-07-01T00:00:00Z]
[28/01/2022 20:05:24] Period [2010-01-01T00:00:00Z - 2010-07-01T00:00:00Z] Stopping due no more next tokens.
[28/01/2022 20:05:29] Search finished. 679 downloaded.
[28/01/2022 20:05:42] Starting search for tweets using query [search manolis from:1/1/2010 until:1/9/2010 lang:en].
[28/01/2022 20:05:42] Getting [700] tweets for period [2010-01-01T00:00:00Z] until [2010-09-01T00:00:00Z]
[28/01/2022 20:06:08] Period [2010-01-01T00:00:00Z - 2010-09-01T00:00:00Z] Stopping due to max period number of tweets [700] reached.
[28/01/2022 20:06:14] Search finished. 700 downloaded.
[28/01/2022 20:06:31] Starting search for tweets using query [search manolis from:1/1/2010 until:1/10/2010 lang:en].
[28/01/2022 20:06:31] Getting [700] tweets for period [2010-01-01T00:00:00Z] until [2010-10-01T00:00:00Z]
[28/01/2022 20:10:10] Starting search for tweets using query [search manolis from:1/1/2010 until:1/10/2010 lang:en].
[28/01/2022 20:10:10] Getting [700] tweets for period [2010-01-01T00:00:00Z] until [2010-10-01T00:00:00Z]
[28/01/2022 20:29:15] Starting search for tweets using query [search manolis from:1/1/2010 until:1/10/2010 lang:en].
[28/01/2022 20:29:15] Getting [700] tweets for period [2010-01-01T00:00:00Z] until [2010-10-01T00:00:00Z]
[28/01/2022 20:29:42] Period [2010-01-01T00:00:00Z - 2010-10-01T00:00:00Z] Stopping due to max period number of tweets [700] reached.
[28/01/2022 20:29:47] Search finished. 700 downloaded.
[15/02/2022 18:38:27] Starting search for tweets using query [search greece lang:en].
[15/02/2022 18:38:27] Getting [700] tweets for period [2010-01-01T00:00:00Z] until [2010-02-01T00:00:00Z]
[15/02/2022 18:38:57] Period [2010-01-01T00:00:00Z - 2010-02-01T00:00:00Z] Stopping due to max period number of tweets [700] reached.
[15/02/2022 18:39:02] Getting [700] tweets for period [2010-03-01T00:00:00Z] until [2010-04-01T00:00:00Z]
[15/02/2022 18:39:33] Period [2010-03-01T00:00:00Z - 2010-04-01T00:00:00Z] Stopping due to max period number of tweets [700] reached.
[15/02/2022 18:39:38] Search finished. 1400 downloaded.
[16/02/2022 11:53:19] Starting search for tweets using query [search eros lang:en].
[16/02/2022 11:53:19] Getting [700] tweets for period [2022-02-14T08:04:06Z] until [2022-02-15T11:04:15Z]
[16/02/2022 11:53:49] Period [2022-02-14T08:04:06Z - 2022-02-15T11:04:15Z] Stopping due to max period number of tweets [700] reached.
[16/02/2022 11:53:54] Search finished. 700 downloaded.
[16/02/2022 11:55:43] Starting search for tweets using query [search eros lang:en].
[16/02/2022 11:55:43] Getting [700] tweets for period [2022-02-14T08:04:06Z] until [2022-02-14T11:04:15Z]
[16/02/2022 11:55:55] Period [2022-02-14T08:04:06Z - 2022-02-14T11:04:15Z] Stopping due no more next tokens.
[16/02/2022 11:56:00] Getting [700] tweets for period [2022-02-14T11:04:16Z] until [2022-02-14T14:04:25Z]
[16/02/2022 11:56:20] Period [2022-02-14T11:04:16Z - 2022-02-14T14:04:25Z] Stopping due no more next tokens.
[16/02/2022 11:56:25] Getting [700] tweets for period [2022-02-14T14:04:26Z] until [2022-02-14T17:04:35Z]
[16/02/2022 11:56:44] Period [2022-02-14T14:04:26Z - 2022-02-14T17:04:35Z] Stopping due no more next tokens.
[16/02/2022 11:56:49] Getting [700] tweets for period [2022-02-14T17:04:36Z] until [2022-02-14T20:04:45Z]
[16/02/2022 11:57:09] Period [2022-02-14T17:04:36Z - 2022-02-14T20:04:45Z] Stopping due no more next tokens.
[16/02/2022 11:57:14] Getting [700] tweets for period [2022-02-14T20:04:46Z] until [2022-02-14T23:04:55Z]
[16/02/2022 11:57:34] Period [2022-02-14T20:04:46Z - 2022-02-14T23:04:55Z] Stopping due no more next tokens.
[16/02/2022 11:57:39] Getting [700] tweets for period [2022-02-14T23:04:56Z] until [2022-02-15T02:05:05Z]
[16/02/2022 11:57:54] Period [2022-02-14T23:04:56Z - 2022-02-15T02:05:05Z] Stopping due no more next tokens.
[16/02/2022 11:57:59] Getting [700] tweets for period [2022-02-15T02:05:06Z] until [2022-02-15T05:05:15Z]
[16/02/2022 11:58:10] Period [2022-02-15T02:05:06Z - 2022-02-15T05:05:15Z] Stopping due no more next tokens.
[16/02/2022 11:58:16] Getting [700] tweets for period [2022-02-15T05:05:16Z] until [2022-02-15T08:05:25Z]
[16/02/2022 11:58:23] Period [2022-02-15T05:05:16Z - 2022-02-15T08:05:25Z] Stopping due no more next tokens.
[16/02/2022 11:58:28] Getting [700] tweets for period [2022-02-15T08:05:26Z] until [2022-02-15T11:05:35Z]
[16/02/2022 11:58:36] Period [2022-02-15T08:05:26Z - 2022-02-15T11:05:35Z] Stopping due no more next tokens.
[16/02/2022 11:58:41] Search finished. 3746 downloaded.
[16/02/2022 12:04:12] Starting search for tweets using query [search love lang:en].
[16/02/2022 12:04:12] Getting [700] tweets for period [2022-02-14T08:04:06Z] until [2022-02-14T10:04:05Z]
[16/02/2022 12:04:42] Period [2022-02-14T08:04:06Z - 2022-02-14T10:04:05Z] Stopping due to max period number of tweets [700] reached.
[16/02/2022 12:04:47] Getting [700] tweets for period [2022-02-14T10:04:06Z] until [2022-02-14T12:04:05Z]
[16/02/2022 12:05:17] Period [2022-02-14T10:04:06Z - 2022-02-14T12:04:05Z] Stopping due to max period number of tweets [700] reached.
[16/02/2022 12:05:22] Search finished. 1400 downloaded.
[16/02/2022 12:07:14] Starting search for tweets using query [search hate lang:en].
[16/02/2022 12:07:14] Getting [21] tweets for period [2022-02-14T08:04:06Z] until [2022-02-14T10:04:05Z]
[16/02/2022 12:07:17] Period [2022-02-14T08:04:06Z - 2022-02-14T10:04:05Z] Stopping due to max period number of tweets [21] reached.
[16/02/2022 12:07:22] Getting [21] tweets for period [2022-02-14T10:04:06Z] until [2022-02-14T12:04:05Z]
[16/02/2022 12:07:27] Period [2022-02-14T10:04:06Z - 2022-02-14T12:04:05Z] Stopping due to max period number of tweets [21] reached.
[16/02/2022 12:07:32] Getting [21] tweets for period [2022-02-14T12:04:06Z] until [2022-02-14T13:30:11Z]
[16/02/2022 12:07:36] Period [2022-02-14T12:04:06Z - 2022-02-14T13:30:11Z] Stopping due to max period number of tweets [21] reached.
[16/02/2022 12:07:41] Search finished. 63 downloaded.
[16/02/2022 12:17:44] Starting search for tweets using query [search love lang:en].
[16/02/2022 12:17:44] Getting [21] tweets for period [2022-02-14T08:04:06Z] until [2022-02-14T10:04:05Z]
[16/02/2022 12:17:48] Period [2022-02-14T08:04:06Z - 2022-02-14T10:04:05Z] Stopping due to max period number of tweets [21] reached.
[16/02/2022 12:17:53] Getting [21] tweets for period [2022-02-14T10:04:06Z] until [2022-02-14T12:04:05Z]
[16/02/2022 12:17:56] Period [2022-02-14T10:04:06Z - 2022-02-14T12:04:05Z] Stopping due to max period number of tweets [21] reached.
[16/02/2022 12:18:02] Getting [21] tweets for period [2022-02-14T12:04:06Z] until [2022-02-14T13:30:11Z]
[16/02/2022 12:18:05] Period [2022-02-14T12:04:06Z - 2022-02-14T13:30:11Z] Stopping due to max period number of tweets [21] reached.
[16/02/2022 12:18:11] Search finished. 63 downloaded.
[16/02/2022 12:20:49] Starting search for tweets using query [search flowers lang:el].
[16/02/2022 12:20:49] Getting [21] tweets for period [2022-02-14T08:04:06Z] until [2022-02-14T13:30:11Z]
[16/02/2022 12:20:50] Period [2022-02-14T08:04:06Z - 2022-02-14T13:30:11Z] Stopping due no more next tokens.
[16/02/2022 12:20:55] Search finished. 21 downloaded.
[16/02/2022 12:25:25] Starting search for tweets using query [search flowers lang:en].
[16/02/2022 12:25:25] Getting [21] tweets for period [2022-02-14T08:04:06Z] until [2022-02-14T09:04:05Z]
[16/02/2022 12:25:28] Period [2022-02-14T08:04:06Z - 2022-02-14T09:04:05Z] Stopping due to max period number of tweets [21] reached.
[16/02/2022 12:25:34] Getting [21] tweets for period [2022-02-14T09:04:06Z] until [2022-02-14T10:04:05Z]
[16/02/2022 12:25:37] Period [2022-02-14T09:04:06Z - 2022-02-14T10:04:05Z] Stopping due to max period number of tweets [21] reached.
[16/02/2022 12:25:42] Getting [21] tweets for period [2022-02-14T10:04:06Z] until [2022-02-14T11:04:05Z]
[16/02/2022 12:25:46] Period [2022-02-14T10:04:06Z - 2022-02-14T11:04:05Z] Stopping due to max period number of tweets [21] reached.
[16/02/2022 12:25:51] Getting [21] tweets for period [2022-02-14T11:04:06Z] until [2022-02-14T12:04:05Z]
[16/02/2022 12:25:55] Period [2022-02-14T11:04:06Z - 2022-02-14T12:04:05Z] Stopping due to max period number of tweets [21] reached.
[16/02/2022 12:26:00] Getting [21] tweets for period [2022-02-14T12:04:06Z] until [2022-02-14T13:04:05Z]
[16/02/2022 12:26:04] Period [2022-02-14T12:04:06Z - 2022-02-14T13:04:05Z] Stopping due to max period number of tweets [21] reached.
[16/02/2022 12:26:10] Getting [21] tweets for period [2022-02-14T13:04:06Z] until [2022-02-14T13:30:11Z]
[16/02/2022 12:26:13] Period [2022-02-14T13:04:06Z - 2022-02-14T13:30:11Z] Stopping due to max period number of tweets [21] reached.
[16/02/2022 12:26:18] Search finished. 126 downloaded.
[16/02/2022 12:26:58] Starting search for tweets using query [search love lang:el].
[16/02/2022 12:26:58] Getting [21000] tweets for period [2022-02-14T08:04:06Z] until [2022-02-14T10:04:05Z]
[16/02/2022 12:27:01] Period [2022-02-14T08:04:06Z - 2022-02-14T10:04:05Z] Stopping due no more next tokens.
[16/02/2022 12:27:06] Getting [21000] tweets for period [2022-02-14T10:04:06Z] until [2022-02-14T12:04:05Z]
[16/02/2022 12:27:07] Period [2022-02-14T10:04:06Z - 2022-02-14T12:04:05Z] Stopping due no more next tokens.
[16/02/2022 12:27:12] Getting [21000] tweets for period [2022-02-14T12:04:06Z] until [2022-02-14T13:30:11Z]
[16/02/2022 12:27:13] Period [2022-02-14T12:04:06Z - 2022-02-14T13:30:11Z] Stopping due no more next tokens.
[16/02/2022 12:27:19] Search finished. 219 downloaded.
[16/02/2022 12:30:42] Starting search for tweets using query [search love lang:en].
[16/02/2022 12:30:42] Getting [21000] tweets for period [2022-02-14T08:04:06Z] until [2022-02-14T08:04:28Z]
[16/02/2022 12:41:10] Starting search for tweets using query [search love lang:de].
[16/02/2022 12:41:10] Getting [70] tweets for period [2022-02-13T00:00:00Z] until [2022-02-13T01:59:59Z]
[16/02/2022 12:41:11] Period [2022-02-13T00:00:00Z - 2022-02-13T01:59:59Z] Stopping due no more next tokens.
[16/02/2022 12:41:16] Getting [70] tweets for period [2022-02-13T02:00:00Z] until [2022-02-13T03:59:59Z]
[16/02/2022 12:41:17] Period [2022-02-13T02:00:00Z - 2022-02-13T03:59:59Z] Stopping due no more next tokens.
[16/02/2022 12:41:22] Getting [70] tweets for period [2022-02-13T04:00:00Z] until [2022-02-13T05:59:59Z]
[16/02/2022 12:41:23] Period [2022-02-13T04:00:00Z - 2022-02-13T05:59:59Z] Stopping due no more next tokens.
[16/02/2022 12:41:28] Getting [70] tweets for period [2022-02-13T06:00:00Z] until [2022-02-13T07:59:59Z]
[16/02/2022 12:41:29] Period [2022-02-13T06:00:00Z - 2022-02-13T07:59:59Z] Stopping due no more next tokens.
[16/02/2022 12:41:34] Getting [70] tweets for period [2022-02-13T08:00:00Z] until [2022-02-13T08:05:22Z]
[16/02/2022 12:41:35] Period [2022-02-13T08:00:00Z - 2022-02-13T08:05:22Z] Stopping due no more next tokens.
[16/02/2022 12:41:40] Search finished. 250 downloaded.
[16/02/2022 19:43:21] Starting search for tweets using query [search love lang:en].
[16/02/2022 19:43:21] Getting [5] tweets for period [2022-02-14T07:00:00Z] until [2022-02-14T07:05:59Z]
[16/02/2022 19:43:24] Period [2022-02-14T07:00:00Z - 2022-02-14T07:05:59Z] Stopping due to max period number of tweets [5] reached.
[16/02/2022 19:43:29] Getting [5] tweets for period [2022-02-14T07:06:00Z] until [2022-02-14T07:11:59Z]
[16/02/2022 19:43:35] Period [2022-02-14T07:06:00Z - 2022-02-14T07:11:59Z] Stopping due to max period number of tweets [5] reached.
[16/02/2022 19:43:40] Getting [5] tweets for period [2022-02-14T07:12:00Z] until [2022-02-14T07:17:59Z]
[16/02/2022 19:43:43] Period [2022-02-14T07:12:00Z - 2022-02-14T07:17:59Z] Stopping due to max period number of tweets [5] reached.
[16/02/2022 19:43:49] Getting [5] tweets for period [2022-02-14T07:18:00Z] until [2022-02-14T07:23:59Z]
[16/02/2022 19:43:52] Period [2022-02-14T07:18:00Z - 2022-02-14T07:23:59Z] Stopping due to max period number of tweets [5] reached.
[16/02/2022 19:43:57] Getting [5] tweets for period [2022-02-14T07:24:00Z] until [2022-02-14T07:29:59Z]
[16/02/2022 19:44:01] Period [2022-02-14T07:24:00Z - 2022-02-14T07:29:59Z] Stopping due to max period number of tweets [5] reached.
[16/02/2022 19:44:07] Getting [5] tweets for period [2022-02-14T07:30:00Z] until [2022-02-14T07:35:59Z]
[16/02/2022 19:44:10] Period [2022-02-14T07:30:00Z - 2022-02-14T07:35:59Z] Stopping due to max period number of tweets [5] reached.
[16/02/2022 19:44:15] Getting [5] tweets for period [2022-02-14T07:36:00Z] until [2022-02-14T07:41:59Z]
[16/02/2022 19:44:21] Period [2022-02-14T07:36:00Z - 2022-02-14T07:41:59Z] Stopping due to max period number of tweets [5] reached.
[16/02/2022 19:44:26] Getting [5] tweets for period [2022-02-14T07:42:00Z] until [2022-02-14T07:47:59Z]
[16/02/2022 19:47:32] Starting search for tweets using query [search hate lang:en].
[16/02/2022 19:47:32] Getting [5] tweets for period [2022-02-14T07:00:00Z] until [2022-02-14T07:05:59Z]
[16/02/2022 19:47:35] Period [2022-02-14T07:00:00Z - 2022-02-14T07:05:59Z] Stopping due to max period number of tweets [5] reached.
[16/02/2022 19:47:41] Getting [5] tweets for period [2022-02-14T07:06:00Z] until [2022-02-14T07:11:59Z]
[16/02/2022 19:47:44] Period [2022-02-14T07:06:00Z - 2022-02-14T07:11:59Z] Stopping due to max period number of tweets [5] reached.
[16/02/2022 19:47:49] Getting [5] tweets for period [2022-02-14T07:12:00Z] until [2022-02-14T07:17:59Z]
[16/02/2022 19:47:54] Period [2022-02-14T07:12:00Z - 2022-02-14T07:17:59Z] Stopping due to max period number of tweets [5] reached.
[16/02/2022 19:47:59] Getting [5] tweets for period [2022-02-14T07:18:00Z] until [2022-02-14T07:23:59Z]
[16/02/2022 19:48:02] Period [2022-02-14T07:18:00Z - 2022-02-14T07:23:59Z] Stopping due to max period number of tweets [5] reached.
[16/02/2022 19:48:08] Getting [5] tweets for period [2022-02-14T07:24:00Z] until [2022-02-14T07:29:59Z]
[16/02/2022 19:48:11] Period [2022-02-14T07:24:00Z - 2022-02-14T07:29:59Z] Stopping due to max period number of tweets [5] reached.
[16/02/2022 19:48:16] Getting [5] tweets for period [2022-02-14T07:30:00Z] until [2022-02-14T07:35:59Z]
[16/02/2022 19:48:20] Period [2022-02-14T07:30:00Z - 2022-02-14T07:35:59Z] Stopping due to max period number of tweets [5] reached.
[16/02/2022 19:48:25] Getting [5] tweets for period [2022-02-14T07:36:00Z] until [2022-02-14T07:41:59Z]
[16/02/2022 19:48:28] Period [2022-02-14T07:36:00Z - 2022-02-14T07:41:59Z] Stopping due to max period number of tweets [5] reached.
[16/02/2022 19:48:34] Getting [5] tweets for period [2022-02-14T07:42:00Z] until [2022-02-14T07:47:59Z]
[16/02/2022 19:48:38] Period [2022-02-14T07:42:00Z - 2022-02-14T07:47:59Z] Stopping due to max period number of tweets [5] reached.
[16/02/2022 19:48:44] Getting [5] tweets for period [2022-02-14T07:48:00Z] until [2022-02-14T07:53:59Z]
[16/02/2022 19:48:47] Period [2022-02-14T07:48:00Z - 2022-02-14T07:53:59Z] Stopping due to max period number of tweets [5] reached.
[16/02/2022 19:48:52] Getting [5] tweets for period [2022-02-14T07:54:00Z] until [2022-02-14T07:59:59Z]
[16/02/2022 19:48:56] Period [2022-02-14T07:54:00Z - 2022-02-14T07:59:59Z] Stopping due to max period number of tweets [5] reached.
[16/02/2022 19:49:01] Getting [5] tweets for period [2022-02-14T08:00:00Z] until [2022-02-14T08:05:59Z]
[16/02/2022 19:49:05] Period [2022-02-14T08:00:00Z - 2022-02-14T08:05:59Z] Stopping due to max period number of tweets [5] reached.
[16/02/2022 19:49:11] Getting [5] tweets for period [2022-02-14T08:06:00Z] until [2022-02-14T08:11:59Z]
[16/02/2022 19:49:14] Period [2022-02-14T08:06:00Z - 2022-02-14T08:11:59Z] Stopping due to max period number of tweets [5] reached.
[16/02/2022 19:49:19] Getting [5] tweets for period [2022-02-14T08:12:00Z] until [2022-02-14T08:17:59Z]
[16/02/2022 19:49:24] Period [2022-02-14T08:12:00Z - 2022-02-14T08:17:59Z] Stopping due to max period number of tweets [5] reached.
[16/02/2022 19:49:29] Getting [5] tweets for period [2022-02-14T08:18:00Z] until [2022-02-14T08:23:59Z]
[16/02/2022 19:49:33] Period [2022-02-14T08:18:00Z - 2022-02-14T08:23:59Z] Stopping due to max period number of tweets [5] reached.
[16/02/2022 19:49:38] Getting [5] tweets for period [2022-02-14T08:24:00Z] until [2022-02-14T08:29:59Z]
[16/02/2022 19:49:41] Period [2022-02-14T08:24:00Z - 2022-02-14T08:29:59Z] Stopping due to max period number of tweets [5] reached.
[16/02/2022 19:49:47] Getting [5] tweets for period [2022-02-14T08:30:00Z] until [2022-02-14T08:35:59Z]
[16/02/2022 19:49:51] Period [2022-02-14T08:30:00Z - 2022-02-14T08:35:59Z] Stopping due to max period number of tweets [5] reached.
[16/02/2022 19:49:56] Getting [5] tweets for period [2022-02-14T08:36:00Z] until [2022-02-14T08:41:59Z]
[16/02/2022 19:50:00] Period [2022-02-14T08:36:00Z - 2022-02-14T08:41:59Z] Stopping due to max period number of tweets [5] reached.
[16/02/2022 19:50:05] Getting [5] tweets for period [2022-02-14T08:42:00Z] until [2022-02-14T08:47:59Z]
[16/02/2022 19:50:10] Period [2022-02-14T08:42:00Z - 2022-02-14T08:47:59Z] Stopping due to max period number of tweets [5] reached.
[16/02/2022 19:50:15] Getting [5] tweets for period [2022-02-14T08:48:00Z] until [2022-02-14T08:53:59Z]
[16/02/2022 19:50:18] Period [2022-02-14T08:48:00Z - 2022-02-14T08:53:59Z] Stopping due to max period number of tweets [5] reached.
[16/02/2022 19:50:24] Getting [5] tweets for period [2022-02-14T08:54:00Z] until [2022-02-14T08:59:59Z]
[16/02/2022 19:50:27] Period [2022-02-14T08:54:00Z - 2022-02-14T08:59:59Z] Stopping due to max period number of tweets [5] reached.
[16/02/2022 19:50:32] Getting [5] tweets for period [2022-02-14T09:00:00Z] until [2022-02-14T09:05:59Z]
[16/02/2022 19:50:37] Period [2022-02-14T09:00:00Z - 2022-02-14T09:05:59Z] Stopping due to max period number of tweets [5] reached.
[16/02/2022 19:50:42] Getting [5] tweets for period [2022-02-14T09:06:00Z] until [2022-02-14T09:11:59Z]
[16/02/2022 19:50:46] Period [2022-02-14T09:06:00Z - 2022-02-14T09:11:59Z] Stopping due to max period number of tweets [5] reached.
[16/02/2022 19:50:51] Getting [5] tweets for period [2022-02-14T09:12:00Z] until [2022-02-14T09:15:11Z]
[16/02/2022 19:50:56] Period [2022-02-14T09:12:00Z - 2022-02-14T09:15:11Z] Stopping due to max period number of tweets [5] reached.
[16/02/2022 19:51:01] Search finished. 115 downloaded.
[22/02/2022 21:38:36] Starting search for tweets using query [search lang:en user:eliomusk].
[22/02/2022 21:38:36] Getting [5] tweets for period [2015-02-01T00:00:00Z] until [2015-02-03T03:10:34Z]
[22/02/2022 21:38:37] Period [2015-02-01T00:00:00Z - 2015-02-03T03:10:34Z] Stopping due no more next tokens.
[22/02/2022 21:38:42] Getting [5] tweets for period [2015-02-03T03:10:35Z] until [2015-02-05T06:21:09Z]
[22/02/2022 21:38:43] Period [2015-02-03T03:10:35Z - 2015-02-05T06:21:09Z] Stopping due no more next tokens.
[22/02/2022 21:40:53] Starting search for tweets using query [search bitcoin lang:en user:elonmusk].
[22/02/2022 21:40:53] Getting [5] tweets for period [2019-08-20T00:00:00Z] until [2019-12-20T00:00:00Z]
[22/02/2022 21:40:54] Period [2019-08-20T00:00:00Z - 2019-12-20T00:00:00Z] Stopping due no more next tokens.
[22/02/2022 21:40:59] Search finished. 0 downloaded.
[22/02/2022 21:42:10] Starting search for tweets using query [search bitcoin lang:en user:elonmusk].
[22/02/2022 21:42:10] Getting [50] tweets for period [2020-01-01T00:00:00Z] until [2020-12-31T00:00:00Z]
[22/02/2022 21:42:11] Period [2020-01-01T00:00:00Z - 2020-12-31T00:00:00Z] Stopping due no more next tokens.
[22/02/2022 21:42:16] Search finished. 6 downloaded.
[10/03/2022 21:54:40] Starting search for tweets using query [search metaverse -lang:en from:1/11/2021 until:31/12/2021].
[10/03/2022 21:54:40] Getting [50] tweets for period [2021-11-01T00:00:00Z] until [2021-12-31T00:00:00Z]
[10/03/2022 21:54:44] Period [2021-11-01T00:00:00Z - 2021-12-31T00:00:00Z] Stopping due to max period number of tweets [50] reached.
[10/03/2022 21:54:49] Search finished. 50 downloaded.
[11/03/2022 10:17:00] Starting search for tweets using query [search -f 1/2/2022 -u 20/2/2022 manolis lang:el].
[11/03/2022 10:19:15] Starting search for tweets using query [search -f 1/2/2022 -u 20/2/2022 manolis lang:el].
[11/03/2022 10:19:15] Getting [700] tweets for period [1/2/2022] until [20/2/2022]
[11/03/2022 10:19:15] Period [1/2/2022 - 20/2/2022] Twitter endpoint error. Message:(401, '{\n  "title": "Unauthorized",\n  "type": "about:blank",\n  "status": 401,\n  "detail": "Unauthorized"\n}')
[11/03/2022 10:19:38] Starting search for tweets using query [search -f 10/3/2022 -u 11/3/2022 manolis lang:el].
[11/03/2022 10:19:38] Getting [700] tweets for period [10/3/2022] until [11/3/2022]
[11/03/2022 10:19:38] Period [10/3/2022 - 11/3/2022] Twitter endpoint error. Message:(401, '{\n  "title": "Unauthorized",\n  "type": "about:blank",\n  "status": 401,\n  "detail": "Unauthorized"\n}')
[11/03/2022 10:20:48] Starting search for tweets using query [search -f 10/3/2022 -u 11/3/2022 manolis lang:el].
[11/03/2022 10:20:48] Getting [50] tweets for period [10/3/2022] until [11/3/2022]
[11/03/2022 10:20:48] Period [10/3/2022 - 11/3/2022] Twitter endpoint error. Message:(400, '{"errors":[{"parameters":{"start_time":["10/3/2022"]},"message":"The `start_time` query parameter value [10/3/2022] is not a valid RFC3339 date-time."},{"parameters":{"end_time":["11/3/2022"]},"message":"The `end_time` query parameter value [11/3/2022] is not a valid RFC3339 date-time."}],"title":"Invalid Request","detail":"One or more parameters to your request was invalid.","type":"https://api.twitter.com/2/problems/invalid-request"}')
[11/03/2022 10:27:13] Starting search for tweets using query [search -f 10/3/2022 -u 11/3/2022 manolis lang:el].
[11/03/2022 10:27:13] Getting [700] tweets for period [2022-03-10T00:00:00Z] until [2022-03-11T00:00:00Z]
[11/03/2022 10:27:13] Period [2022-03-10T00:00:00Z - 2022-03-11T00:00:00Z] Twitter endpoint error. Message:(401, '{\n  "title": "Unauthorized",\n  "type": "about:blank",\n  "status": 401,\n  "detail": "Unauthorized"\n}')
[11/03/2022 10:28:29] Starting search for tweets using query [search -f 10/3/2022 -u 11/3/2022 manolis lang:el].
[11/03/2022 10:28:29] Getting [50] tweets for period [2022-03-10T00:00:00Z] until [2022-03-11T00:00:00Z]
[11/03/2022 10:28:29] Period [2022-03-10T00:00:00Z - 2022-03-11T00:00:00Z] Stopping due no more next tokens.
[11/03/2022 10:28:35] Search finished. 10 downloaded.
[11/03/2022 10:29:08] Starting search for tweets using query [search -f 10/3/2022 -u 11/3/2022 manolis lang:en].
[11/03/2022 10:29:08] Getting [50] tweets for period [2022-03-10T00:00:00Z] until [2022-03-11T00:00:00Z]
[11/03/2022 10:29:08] Period [2022-03-10T00:00:00Z - 2022-03-11T00:00:00Z] Stopping due no more next tokens.
[11/03/2022 10:29:13] Search finished. 27 downloaded.
[11/03/2022 11:22:41] Starting search for tweets using query [search -f 10/3/2022T06:05:32 -u 11/3/2022 manolis lang:en].
[11/03/2022 11:22:41] Getting [700] tweets for period [2022-03-10T06:05:32Z] until [2022-03-11T00:00:00Z]
[11/03/2022 11:22:42] Period [2022-03-10T06:05:32Z - 2022-03-11T00:00:00Z] Twitter endpoint error. Message:(401, '{\n  "title": "Unauthorized",\n  "type": "about:blank",\n  "status": 401,\n  "detail": "Unauthorized"\n}')
[11/03/2022 11:23:27] Starting search for tweets using query [search -f 10/3/2022T06:05:32 -u 11/3/2022 manolis lang:en].
[11/03/2022 11:23:27] Getting [50] tweets for period [2022-03-10T06:05:32Z] until [2022-03-11T00:00:00Z]
[11/03/2022 11:23:28] Period [2022-03-10T06:05:32Z - 2022-03-11T00:00:00Z] Stopping due no more next tokens.
[11/03/2022 11:23:33] Search finished. 26 downloaded.
[11/03/2022 11:31:37] Starting search for tweets using query [search -f 10/3/2022T16:05:32 -u 11/3/2022 azov lang:en].
[11/03/2022 11:31:37] Getting [700] tweets for period [2022-03-10T16:05:32Z] until [2022-03-11T00:00:00Z]
[11/03/2022 11:31:39] Period [2022-03-10T16:05:32Z - 2022-03-11T00:00:00Z] Twitter endpoint error. Message:(401, '{\n  "title": "Unauthorized",\n  "type": "about:blank",\n  "status": 401,\n  "detail": "Unauthorized"\n}')
[11/03/2022 11:32:15] Starting search for tweets using query [search -f 10/3/2022T06:05:32 -u 11/3/2022 azov lang:en].
[11/03/2022 11:32:15] Getting [50] tweets for period [2022-03-10T06:05:32Z] until [2022-03-11T00:00:00Z]
[11/03/2022 11:32:20] Period [2022-03-10T06:05:32Z - 2022-03-11T00:00:00Z] Stopping due to max period number of tweets [50] reached.
[11/03/2022 11:32:25] Search finished. 50 downloaded.
[11/03/2022 11:33:51] Starting search for tweets using query [search -f 09/03/2022T10:05:32 -u 10/03/2022T20:33:14 azov lang:en].
[11/03/2022 11:33:51] Getting [50] tweets for period [2022-03-09T10:05:32Z] until [2022-03-10T20:33:14Z]
[11/03/2022 11:33:54] Period [2022-03-09T10:05:32Z - 2022-03-10T20:33:14Z] Stopping due to max period number of tweets [50] reached.
[11/03/2022 11:33:59] Search finished. 50 downloaded.
[11/03/2022 13:01:54] Starting search for tweets using query [search -f 09/03/2022T10:05:32 -u 09/03/2022T10:05:42 -t 0D0H0M2S azov lang:en].
[11/03/2022 13:01:54] Getting [50] tweets for period [2022-03-09T10:05:32Z] until [2022-03-09T10:05:33Z]
[11/03/2022 13:01:54] Period [2022-03-09T10:05:32Z - 2022-03-09T10:05:33Z] Stopping due no more next tokens.
[11/03/2022 13:01:59] Getting [50] tweets for period [2022-03-09T10:05:34Z] until [2022-03-09T10:05:35Z]
[11/03/2022 13:02:00] Period [2022-03-09T10:05:34Z - 2022-03-09T10:05:35Z] Stopping due no more next tokens.
[11/03/2022 13:02:05] Getting [50] tweets for period [2022-03-09T10:05:36Z] until [2022-03-09T10:05:37Z]
[11/03/2022 13:02:05] Period [2022-03-09T10:05:36Z - 2022-03-09T10:05:37Z] Stopping due no more next tokens.
[11/03/2022 13:02:10] Getting [50] tweets for period [2022-03-09T10:05:38Z] until [2022-03-09T10:05:39Z]
[11/03/2022 13:02:11] Period [2022-03-09T10:05:38Z - 2022-03-09T10:05:39Z] Stopping due no more next tokens.
[11/03/2022 13:02:16] Getting [50] tweets for period [2022-03-09T10:05:40Z] until [2022-03-09T10:05:41Z]
[11/03/2022 13:02:17] Period [2022-03-09T10:05:40Z - 2022-03-09T10:05:41Z] Stopping due no more next tokens.
[11/03/2022 13:02:22] Getting [50] tweets for period [2022-03-09T10:05:42Z] until [2022-03-09T10:05:42Z]
[11/03/2022 13:02:23] Period [2022-03-09T10:05:42Z - 2022-03-09T10:05:42Z] Twitter endpoint error. Message:(400, '{"errors":[{"parameters":{"start_time":["2022-03-09T10:05Z"],"end_time":["2022-03-09T10:05Z"]},"message":"Invalid \'start_time\':\'2022-03-09T10:05Z\'. \'start_time\' must be before \'end_time\':2022-03-09T10:05Z"}],"title":"Invalid Request","detail":"One or more parameters to your request was invalid.","type":"https://api.twitter.com/2/problems/invalid-request"}')
[11/03/2022 13:05:13] Starting search for tweets using query [search -f 09/03/2022T10:05:32 -u 09/03/2022T10:05:42 -t 0D0H0M1S azov lang:en].
[11/03/2022 13:05:13] Getting [700] tweets for period [2022-03-09T10:05:32Z] until [2022-03-09T10:05:32Z]
[11/03/2022 13:05:13] Period [2022-03-09T10:05:32Z - 2022-03-09T10:05:32Z] Twitter endpoint error. Message:(401, '{\n  "title": "Unauthorized",\n  "type": "about:blank",\n  "status": 401,\n  "detail": "Unauthorized"\n}')
[11/03/2022 13:05:43] Starting search for tweets using query [search -f 09/03/2022T10:05:32 -u 09/03/2022T10:05:42 -t 0D0H0M1S azov lang:en].
[11/03/2022 13:05:43] Getting [50] tweets for period [2022-03-09T10:05:32Z] until [2022-03-09T10:05:32Z]
[11/03/2022 13:05:44] Period [2022-03-09T10:05:32Z - 2022-03-09T10:05:32Z] Twitter endpoint error. Message:(400, '{"errors":[{"parameters":{"start_time":["2022-03-09T10:05Z"],"end_time":["2022-03-09T10:05Z"]},"message":"Invalid \'start_time\':\'2022-03-09T10:05Z\'. \'start_time\' must be before \'end_time\':2022-03-09T10:05Z"}],"title":"Invalid Request","detail":"One or more parameters to your request was invalid.","type":"https://api.twitter.com/2/problems/invalid-request"}')
[11/03/2022 13:08:51] Starting search for tweets using query [search -f 09/03/2022T10:05:32 -u 09/03/2022T10:05:42 -t 0D0H0M1S azov lang:en].
[11/03/2022 13:08:51] Getting [50] tweets for period [2022-03-09T10:05:32Z] until [2022-03-09T10:05:33Z]
[11/03/2022 13:08:51] Period [2022-03-09T10:05:32Z - 2022-03-09T10:05:33Z] Stopping due no more next tokens.
[11/03/2022 13:08:56] Getting [50] tweets for period [2022-03-09T10:05:33Z] until [2022-03-09T10:05:34Z]
[11/03/2022 13:08:56] Period [2022-03-09T10:05:33Z - 2022-03-09T10:05:34Z] Stopping due no more next tokens.
[11/03/2022 13:09:02] Getting [50] tweets for period [2022-03-09T10:05:34Z] until [2022-03-09T10:05:35Z]
[11/03/2022 13:09:02] Period [2022-03-09T10:05:34Z - 2022-03-09T10:05:35Z] Stopping due no more next tokens.
[11/03/2022 13:09:07] Getting [50] tweets for period [2022-03-09T10:05:35Z] until [2022-03-09T10:05:36Z]
[11/03/2022 13:09:08] Period [2022-03-09T10:05:35Z - 2022-03-09T10:05:36Z] Stopping due no more next tokens.
[11/03/2022 13:09:14] Getting [50] tweets for period [2022-03-09T10:05:36Z] until [2022-03-09T10:05:37Z]
[11/03/2022 13:09:15] Period [2022-03-09T10:05:36Z - 2022-03-09T10:05:37Z] Stopping due no more next tokens.
[11/03/2022 13:09:20] Getting [50] tweets for period [2022-03-09T10:05:37Z] until [2022-03-09T10:05:38Z]
[11/03/2022 13:09:21] Period [2022-03-09T10:05:37Z - 2022-03-09T10:05:38Z] Stopping due no more next tokens.
[11/03/2022 13:09:27] Getting [50] tweets for period [2022-03-09T10:05:38Z] until [2022-03-09T10:05:39Z]
[11/03/2022 13:09:28] Period [2022-03-09T10:05:38Z - 2022-03-09T10:05:39Z] Stopping due no more next tokens.
[11/03/2022 13:09:33] Getting [50] tweets for period [2022-03-09T10:05:39Z] until [2022-03-09T10:05:40Z]
[11/03/2022 13:09:34] Period [2022-03-09T10:05:39Z - 2022-03-09T10:05:40Z] Stopping due no more next tokens.
[11/03/2022 13:09:39] Getting [50] tweets for period [2022-03-09T10:05:40Z] until [2022-03-09T10:05:41Z]
[11/03/2022 13:09:40] Period [2022-03-09T10:05:40Z - 2022-03-09T10:05:41Z] Stopping due no more next tokens.
[11/03/2022 13:09:46] Getting [50] tweets for period [2022-03-09T10:05:41Z] until [2022-03-09T10:05:42Z]
[11/03/2022 13:09:47] Period [2022-03-09T10:05:41Z - 2022-03-09T10:05:42Z] Stopping due no more next tokens.
[11/03/2022 13:09:52] Search finished. 3 downloaded.
[11/03/2022 13:10:41] Starting search for tweets using query [search -f 09/03/2022T10:05:32 -u 09/03/2022T10:05:52 -t 0D0H0M1S azov lang:en].
[11/03/2022 13:10:41] Getting [50] tweets for period [2022-03-09T10:05:32Z] until [2022-03-09T10:05:33Z]
[11/03/2022 13:10:41] Period [2022-03-09T10:05:32Z - 2022-03-09T10:05:33Z] Stopping due no more next tokens.
[11/03/2022 13:10:46] Getting [50] tweets for period [2022-03-09T10:05:33Z] until [2022-03-09T10:05:34Z]
[11/03/2022 13:10:47] Period [2022-03-09T10:05:33Z - 2022-03-09T10:05:34Z] Stopping due no more next tokens.
[11/03/2022 13:10:52] Getting [50] tweets for period [2022-03-09T10:05:34Z] until [2022-03-09T10:05:35Z]
[11/03/2022 13:10:52] Period [2022-03-09T10:05:34Z - 2022-03-09T10:05:35Z] Stopping due no more next tokens.
[11/03/2022 13:10:57] Getting [50] tweets for period [2022-03-09T10:05:35Z] until [2022-03-09T10:05:36Z]
[11/03/2022 13:10:58] Period [2022-03-09T10:05:35Z - 2022-03-09T10:05:36Z] Stopping due no more next tokens.
[11/03/2022 13:11:03] Getting [50] tweets for period [2022-03-09T10:05:36Z] until [2022-03-09T10:05:37Z]
[11/03/2022 13:11:04] Period [2022-03-09T10:05:36Z - 2022-03-09T10:05:37Z] Stopping due no more next tokens.
[11/03/2022 13:11:09] Getting [50] tweets for period [2022-03-09T10:05:37Z] until [2022-03-09T10:05:38Z]
[11/03/2022 13:11:11] Period [2022-03-09T10:05:37Z - 2022-03-09T10:05:38Z] Stopping due no more next tokens.
[11/03/2022 13:11:16] Getting [50] tweets for period [2022-03-09T10:05:38Z] until [2022-03-09T10:05:39Z]
[11/03/2022 13:11:17] Period [2022-03-09T10:05:38Z - 2022-03-09T10:05:39Z] Stopping due no more next tokens.
[11/03/2022 13:11:22] Getting [50] tweets for period [2022-03-09T10:05:39Z] until [2022-03-09T10:05:40Z]
[11/03/2022 13:11:24] Period [2022-03-09T10:05:39Z - 2022-03-09T10:05:40Z] Stopping due no more next tokens.
[11/03/2022 13:11:29] Getting [50] tweets for period [2022-03-09T10:05:40Z] until [2022-03-09T10:05:41Z]
[11/03/2022 13:11:30] Period [2022-03-09T10:05:40Z - 2022-03-09T10:05:41Z] Stopping due no more next tokens.
[11/03/2022 13:11:35] Getting [50] tweets for period [2022-03-09T10:05:41Z] until [2022-03-09T10:05:42Z]
[11/03/2022 13:11:36] Period [2022-03-09T10:05:41Z - 2022-03-09T10:05:42Z] Stopping due no more next tokens.
[11/03/2022 13:11:41] Getting [50] tweets for period [2022-03-09T10:05:42Z] until [2022-03-09T10:05:43Z]
[11/03/2022 13:11:42] Period [2022-03-09T10:05:42Z - 2022-03-09T10:05:43Z] Stopping due no more next tokens.
[11/03/2022 13:11:47] Getting [50] tweets for period [2022-03-09T10:05:43Z] until [2022-03-09T10:05:44Z]
[11/03/2022 13:11:48] Period [2022-03-09T10:05:43Z - 2022-03-09T10:05:44Z] Stopping due no more next tokens.
[11/03/2022 13:11:53] Getting [50] tweets for period [2022-03-09T10:05:44Z] until [2022-03-09T10:05:45Z]
[11/03/2022 13:11:54] Period [2022-03-09T10:05:44Z - 2022-03-09T10:05:45Z] Stopping due no more next tokens.
[11/03/2022 13:11:59] Getting [50] tweets for period [2022-03-09T10:05:45Z] until [2022-03-09T10:05:46Z]
[11/03/2022 13:12:01] Period [2022-03-09T10:05:45Z - 2022-03-09T10:05:46Z] Stopping due no more next tokens.
[11/03/2022 13:12:06] Getting [50] tweets for period [2022-03-09T10:05:46Z] until [2022-03-09T10:05:47Z]
[11/03/2022 13:12:07] Period [2022-03-09T10:05:46Z - 2022-03-09T10:05:47Z] Stopping due no more next tokens.
[11/03/2022 13:12:12] Getting [50] tweets for period [2022-03-09T10:05:47Z] until [2022-03-09T10:05:48Z]
[11/03/2022 13:12:14] Period [2022-03-09T10:05:47Z - 2022-03-09T10:05:48Z] Stopping due no more next tokens.
[11/03/2022 13:12:19] Getting [50] tweets for period [2022-03-09T10:05:48Z] until [2022-03-09T10:05:49Z]
[11/03/2022 13:12:20] Period [2022-03-09T10:05:48Z - 2022-03-09T10:05:49Z] Stopping due no more next tokens.
[11/03/2022 13:12:25] Getting [50] tweets for period [2022-03-09T10:05:49Z] until [2022-03-09T10:05:50Z]
[11/03/2022 13:12:27] Period [2022-03-09T10:05:49Z - 2022-03-09T10:05:50Z] Stopping due no more next tokens.
[11/03/2022 13:12:32] Getting [50] tweets for period [2022-03-09T10:05:50Z] until [2022-03-09T10:05:51Z]
[11/03/2022 13:12:33] Period [2022-03-09T10:05:50Z - 2022-03-09T10:05:51Z] Stopping due no more next tokens.
[11/03/2022 13:12:38] Getting [50] tweets for period [2022-03-09T10:05:51Z] until [2022-03-09T10:05:52Z]
[11/03/2022 13:12:39] Period [2022-03-09T10:05:51Z - 2022-03-09T10:05:52Z] Stopping due no more next tokens.
[11/03/2022 13:12:45] Search finished. 6 downloaded.
[11/03/2022 13:25:59] Starting search for tweets using query [search -f 09/03/2022T10:05:32 -u 09/03/2022T10:07:52 -n 5 -t 0D0H0M1S azov lang:en].
[11/03/2022 13:25:59] Getting [5] tweets for period [2022-03-09T10:05:32Z] until [2022-03-09T10:05:33Z]
[11/03/2022 13:25:59] Period [2022-03-09T10:05:32Z - 2022-03-09T10:05:33Z] Stopping due no more next tokens.
[11/03/2022 13:26:04] Getting [5] tweets for period [2022-03-09T10:05:33Z] until [2022-03-09T10:05:34Z]
[11/03/2022 13:26:05] Period [2022-03-09T10:05:33Z - 2022-03-09T10:05:34Z] Stopping due no more next tokens.
[11/03/2022 13:26:10] Getting [5] tweets for period [2022-03-09T10:05:34Z] until [2022-03-09T10:05:35Z]
[11/03/2022 13:26:10] Period [2022-03-09T10:05:34Z - 2022-03-09T10:05:35Z] Stopping due no more next tokens.
[11/03/2022 13:26:16] Getting [5] tweets for period [2022-03-09T10:05:35Z] until [2022-03-09T10:05:36Z]
[11/03/2022 13:26:16] Period [2022-03-09T10:05:35Z - 2022-03-09T10:05:36Z] Stopping due no more next tokens.
[11/03/2022 13:26:21] Getting [5] tweets for period [2022-03-09T10:05:36Z] until [2022-03-09T10:05:37Z]
[11/03/2022 13:26:22] Period [2022-03-09T10:05:36Z - 2022-03-09T10:05:37Z] Stopping due no more next tokens.
[11/03/2022 13:26:27] Getting [5] tweets for period [2022-03-09T10:05:37Z] until [2022-03-09T10:05:38Z]
[11/03/2022 13:26:28] Period [2022-03-09T10:05:37Z - 2022-03-09T10:05:38Z] Stopping due no more next tokens.
[11/03/2022 13:26:34] Getting [5] tweets for period [2022-03-09T10:05:38Z] until [2022-03-09T10:05:39Z]
[11/03/2022 13:26:35] Period [2022-03-09T10:05:38Z - 2022-03-09T10:05:39Z] Stopping due no more next tokens.
[11/03/2022 13:26:40] Getting [5] tweets for period [2022-03-09T10:05:39Z] until [2022-03-09T10:05:40Z]
[11/03/2022 13:26:41] Period [2022-03-09T10:05:39Z - 2022-03-09T10:05:40Z] Stopping due no more next tokens.
[11/03/2022 13:26:46] Getting [5] tweets for period [2022-03-09T10:05:40Z] until [2022-03-09T10:05:41Z]
[11/03/2022 13:26:48] Period [2022-03-09T10:05:40Z - 2022-03-09T10:05:41Z] Stopping due no more next tokens.
[11/03/2022 13:26:53] Getting [5] tweets for period [2022-03-09T10:05:41Z] until [2022-03-09T10:05:42Z]
[11/03/2022 13:26:54] Period [2022-03-09T10:05:41Z - 2022-03-09T10:05:42Z] Stopping due no more next tokens.
[11/03/2022 13:28:18] Starting search for tweets using query [search -f 09/03/2022T10:05:32 -u 09/03/2022T10:07:52 -n 5 -t 0D0H1M5S ukraine lang:en].
[11/03/2022 13:28:18] Getting [5] tweets for period [2022-03-09T10:05:32Z] until [2022-03-09T10:06:37Z]
[11/03/2022 13:28:22] Period [2022-03-09T10:05:32Z - 2022-03-09T10:06:37Z] Stopping due to max period number of tweets [5] reached.
[11/03/2022 13:28:27] Getting [5] tweets for period [2022-03-09T10:06:37Z] until [2022-03-09T10:07:42Z]
[11/03/2022 13:28:30] Period [2022-03-09T10:06:37Z - 2022-03-09T10:07:42Z] Stopping due to max period number of tweets [5] reached.
[11/03/2022 13:28:36] Getting [5] tweets for period [2022-03-09T10:07:42Z] until [2022-03-09T10:07:52Z]
[11/03/2022 13:28:40] Period [2022-03-09T10:07:42Z - 2022-03-09T10:07:52Z] Stopping due to max period number of tweets [5] reached.
[11/03/2022 13:28:46] Search finished. 15 downloaded.
[11/03/2022 18:22:40] Starting search for tweets using query [search -n 5 twitter].
[11/03/2022 18:22:40] Getting [5] tweets for period [2004-01-01T01:02:03Z] until [2004-01-15T01:02:03Z]
[11/03/2022 18:22:40] Period [2004-01-01T01:02:03Z - 2004-01-15T01:02:03Z] Twitter endpoint error. Message:(400, '{"errors":[{"parameters":{"start_time":["2004-01-01T01:02Z"]},"message":"Invalid \'start_time\':\'2004-01-01T01:02Z\'. \'start_time\' must be on or after 2006-03-21T00:00Z"},{"parameters":{"end_time":["2004-01-15T01:02Z"]},"message":"Invalid \'end_time\':\'2004-01-15T01:02Z\'. \'end_time\' must be on or after 2006-03-21T00:00Z"}],"title":"Invalid Request","detail":"One or more parameters to your request was invalid.","type":"https://api.twitter.com/2/problems/invalid-request"}')
[11/03/2022 18:24:31] Starting search for tweets using query [search -n 5 twitter].
[11/03/2022 18:24:31] Getting [5] tweets for period [2006-03-21T01:02:03Z] until [2006-04-04T01:02:03Z]
[11/03/2022 18:24:33] Period [2006-03-21T01:02:03Z - 2006-04-04T01:02:03Z] Stopping due no more next tokens.
[11/03/2022 18:24:38] Getting [5] tweets for period [2006-04-04T01:02:03Z] until [2006-04-18T01:02:03Z]
[11/03/2022 18:24:39] Period [2006-04-04T01:02:03Z - 2006-04-18T01:02:03Z] Stopping due no more next tokens.
[11/03/2022 18:24:44] Getting [5] tweets for period [2006-04-18T01:02:03Z] until [2006-05-02T01:02:03Z]
[11/03/2022 18:24:46] Period [2006-04-18T01:02:03Z - 2006-05-02T01:02:03Z] Stopping due no more next tokens.
[11/03/2022 18:24:51] Getting [5] tweets for period [2006-05-02T01:02:03Z] until [2006-05-16T01:02:03Z]
[11/03/2022 18:24:52] Period [2006-05-02T01:02:03Z - 2006-05-16T01:02:03Z] Stopping due no more next tokens.
[11/03/2022 18:24:57] Getting [5] tweets for period [2006-05-16T01:02:03Z] until [2006-05-30T01:02:03Z]
[11/03/2022 18:24:59] Period [2006-05-16T01:02:03Z - 2006-05-30T01:02:03Z] Stopping due no more next tokens.
[11/03/2022 18:25:04] Getting [5] tweets for period [2006-05-30T01:02:03Z] until [2006-06-13T01:02:03Z]
[11/03/2022 18:25:05] Period [2006-05-30T01:02:03Z - 2006-06-13T01:02:03Z] Stopping due no more next tokens.
[11/03/2022 18:25:10] Getting [5] tweets for period [2006-06-13T01:02:03Z] until [2006-06-21T00:00:00Z]
[11/03/2022 18:25:11] Period [2006-06-13T01:02:03Z - 2006-06-21T00:00:00Z] Stopping due no more next tokens.
[11/03/2022 18:25:16] Getting [5] tweets for period [2022-03-11T00:00:00Z] until [2022-03-11T00:00:00Z]
[11/03/2022 18:25:18] Period [2022-03-11T00:00:00Z - 2022-03-11T00:00:00Z] Twitter endpoint error. Message:(400, '{"errors":[{"parameters":{"start_time":["2022-03-11T00:00Z"],"end_time":["2022-03-11T00:00Z"]},"message":"Invalid \'start_time\':\'2022-03-11T00:00Z\'. \'start_time\' must be before \'end_time\':2022-03-11T00:00Z"}],"title":"Invalid Request","detail":"One or more parameters to your request was invalid.","type":"https://api.twitter.com/2/problems/invalid-request"}')
[11/03/2022 18:26:30] Starting search for tweets using query [search -n 5 twitter].
[11/03/2022 18:26:30] Getting [5] tweets for period [2006-03-21T01:02:03Z] until [2006-04-04T01:02:03Z]
[11/03/2022 18:26:30] Period [2006-03-21T01:02:03Z - 2006-04-04T01:02:03Z] Stopping due no more next tokens.
[11/03/2022 18:26:35] Getting [5] tweets for period [2006-04-04T01:02:03Z] until [2006-04-18T01:02:03Z]
[11/03/2022 18:26:36] Period [2006-04-04T01:02:03Z - 2006-04-18T01:02:03Z] Stopping due no more next tokens.
[11/03/2022 18:26:41] Getting [5] tweets for period [2006-04-18T01:02:03Z] until [2006-05-02T01:02:03Z]
[11/03/2022 18:26:41] Period [2006-04-18T01:02:03Z - 2006-05-02T01:02:03Z] Stopping due no more next tokens.
[11/03/2022 18:26:47] Getting [5] tweets for period [2006-05-02T01:02:03Z] until [2006-05-16T01:02:03Z]
[11/03/2022 18:26:48] Period [2006-05-02T01:02:03Z - 2006-05-16T01:02:03Z] Stopping due no more next tokens.
[11/03/2022 18:26:53] Getting [5] tweets for period [2006-05-16T01:02:03Z] until [2006-05-30T01:02:03Z]
[11/03/2022 18:26:54] Period [2006-05-16T01:02:03Z - 2006-05-30T01:02:03Z] Stopping due no more next tokens.
[11/03/2022 18:26:59] Getting [5] tweets for period [2006-05-30T01:02:03Z] until [2006-06-13T01:02:03Z]
[11/03/2022 18:27:01] Period [2006-05-30T01:02:03Z - 2006-06-13T01:02:03Z] Stopping due no more next tokens.
[11/03/2022 18:27:06] Getting [5] tweets for period [2006-06-13T01:02:03Z] until [2006-06-21T00:00:00Z]
[11/03/2022 18:27:07] Period [2006-06-13T01:02:03Z - 2006-06-21T00:00:00Z] Stopping due no more next tokens.
[11/03/2022 18:27:12] Getting [5] tweets for period [2022-03-11T00:00:00Z] until [2022-03-11T00:00:00Z]
[11/03/2022 18:27:14] Period [2022-03-11T00:00:00Z - 2022-03-11T00:00:00Z] Twitter endpoint error. Message:(400, '{"errors":[{"parameters":{"start_time":["2022-03-11T00:00Z"],"end_time":["2022-03-11T00:00Z"]},"message":"Invalid \'start_time\':\'2022-03-11T00:00Z\'. \'start_time\' must be before \'end_time\':2022-03-11T00:00Z"}],"title":"Invalid Request","detail":"One or more parameters to your request was invalid.","type":"https://api.twitter.com/2/problems/invalid-request"}')
[11/03/2022 18:57:08] Starting search for tweets using query [search mmms].
[11/03/2022 18:57:08] Getting [50] tweets for period [2022-03-11T18:57:08.810895Z] until [2022-03-10T18:57:08.810895Z]
[11/03/2022 18:57:09] Period [2022-03-11T18:57:08.810895Z - 2022-03-10T18:57:08.810895Z] Twitter endpoint error. Message:(400, '{"errors":[{"parameters":{"start_time":["2022-03-11T18:57Z"]},"message":"Invalid \'start_time\':\'2022-03-11T18:57Z\'. \'start_time\' must be a minimum of 10 seconds prior to the request time."},{"parameters":{"start_time":["2022-03-11T18:57Z"],"end_time":["2022-03-10T18:57Z"]},"message":"Invalid \'start_time\':\'2022-03-11T18:57Z\'. \'start_time\' must be before \'end_time\':2022-03-10T18:57Z"}],"title":"Invalid Request","detail":"One or more parameters to your request was invalid.","type":"https://api.twitter.com/2/problems/invalid-request"}')
[11/03/2022 18:57:59] Starting search for tweets using query [search sssw].
[11/03/2022 18:57:59] Getting [50] tweets for period [2022-03-09T18:57:59.796860Z] until [2022-03-10T18:57:59.796860Z]
[11/03/2022 18:58:00] Period [2022-03-09T18:57:59.796860Z - 2022-03-10T18:57:59.796860Z] Stopping due no more next tokens.
[11/03/2022 18:58:05] Search finished. 29 downloaded.
[11/03/2022 19:05:55] Starting search for tweets using query [search -f 1/1/2017T15:00:00 -u 3/1/2017T15:00:10 -t 0D5H5M5S manolis lang:en].
[11/03/2022 19:05:55] Getting [50] tweets for period [2017-01-01T15:00:00Z] until [2017-01-01T20:05:05Z]
[11/03/2022 19:05:55] Period [2017-01-01T15:00:00Z - 2017-01-01T20:05:05Z] Stopping due no more next tokens.
[11/03/2022 19:06:00] Getting [50] tweets for period [2017-01-01T20:05:05Z] until [2017-01-02T01:10:10Z]
[11/03/2022 19:06:01] Period [2017-01-01T20:05:05Z - 2017-01-02T01:10:10Z] Stopping due no more next tokens.
[11/03/2022 19:06:06] Getting [50] tweets for period [2017-01-02T01:10:10Z] until [2017-01-02T06:15:15Z]
[11/03/2022 19:06:07] Period [2017-01-02T01:10:10Z - 2017-01-02T06:15:15Z] Stopping due no more next tokens.
[11/03/2022 19:06:12] Getting [50] tweets for period [2017-01-02T06:15:15Z] until [2017-01-02T11:20:20Z]
[11/03/2022 19:06:13] Period [2017-01-02T06:15:15Z - 2017-01-02T11:20:20Z] Stopping due no more next tokens.
[11/03/2022 19:06:18] Getting [50] tweets for period [2017-01-02T11:20:20Z] until [2017-01-02T16:25:25Z]
[11/03/2022 19:06:20] Period [2017-01-02T11:20:20Z - 2017-01-02T16:25:25Z] Stopping due no more next tokens.
[11/03/2022 19:06:25] Getting [50] tweets for period [2017-01-02T16:25:25Z] until [2017-01-02T21:30:30Z]
[11/03/2022 19:06:26] Period [2017-01-02T16:25:25Z - 2017-01-02T21:30:30Z] Stopping due no more next tokens.
[11/03/2022 19:06:31] Getting [50] tweets for period [2017-01-02T21:30:30Z] until [2017-01-03T02:35:35Z]
[11/03/2022 19:06:33] Period [2017-01-02T21:30:30Z - 2017-01-03T02:35:35Z] Stopping due no more next tokens.
[11/03/2022 19:06:38] Getting [50] tweets for period [2017-01-03T02:35:35Z] until [2017-01-03T07:40:40Z]
[11/03/2022 19:06:39] Period [2017-01-03T02:35:35Z - 2017-01-03T07:40:40Z] Stopping due no more next tokens.
[11/03/2022 19:06:44] Getting [50] tweets for period [2017-01-03T07:40:40Z] until [2017-01-03T12:45:45Z]
[11/03/2022 19:06:45] Period [2017-01-03T07:40:40Z - 2017-01-03T12:45:45Z] Stopping due no more next tokens.
[11/03/2022 19:06:50] Getting [50] tweets for period [2017-01-03T12:45:45Z] until [2017-01-03T15:00:10Z]
[11/03/2022 19:06:52] Period [2017-01-03T12:45:45Z - 2017-01-03T15:00:10Z] Stopping due no more next tokens.
[11/03/2022 19:06:57] Search finished. 19 downloaded.
[11/03/2022 19:12:37] Starting search for tweets using query [search -f 1/1/1970 -u 2/1/1970 mmm].
[11/03/2022 19:12:37] Getting [50] tweets for period [1970-01-01T00:00:00Z] until [1970-01-02T00:00:00Z]
[11/03/2022 19:12:37] Period [1970-01-01T00:00:00Z - 1970-01-02T00:00:00Z] Twitter endpoint error. Message:(400, '{"errors":[{"parameters":{"start_time":["1970-01-01T00:00Z"]},"message":"Invalid \'start_time\':\'1970-01-01T00:00Z\'. \'start_time\' must be on or after 2006-03-21T00:00Z"},{"parameters":{"end_time":["1970-01-02T00:00Z"]},"message":"Invalid \'end_time\':\'1970-01-02T00:00Z\'. \'end_time\' must be on or after 2006-03-21T00:00Z"}],"title":"Invalid Request","detail":"One or more parameters to your request was invalid.","type":"https://api.twitter.com/2/problems/invalid-request"}')
[11/03/2022 19:14:07] Starting search for tweets using query [search manolis].
[11/03/2022 19:14:07] Getting [50] tweets for period [2022-03-11T19:14:07.798107Z] until [2022-03-11T19:14:07.798107Z]
[11/03/2022 19:14:08] Period [2022-03-11T19:14:07.798107Z - 2022-03-11T19:14:07.798107Z] Twitter endpoint error. Message:(400, '{"errors":[{"parameters":{"start_time":["2022-03-11T19:14Z"]},"message":"Invalid \'start_time\':\'2022-03-11T19:14Z\'. \'start_time\' must be a minimum of 10 seconds prior to the request time."},{"parameters":{"end_time":["2022-03-11T19:14Z"]},"message":"Invalid \'end_time\':\'2022-03-11T19:14Z\'. \'end_time\' must be a minimum of 10 seconds prior to the request time."},{"parameters":{"start_time":["2022-03-11T19:14Z"],"end_time":["2022-03-11T19:14Z"]},"message":"Invalid \'start_time\':\'2022-03-11T19:14Z\'. \'start_time\' must be before \'end_time\':2022-03-11T19:14Z"}],"title":"Invalid Request","detail":"One or more parameters to your request was invalid.","type":"https://api.twitter.com/2/problems/invalid-request"}')
[11/03/2022 19:15:47] Starting search for tweets using query [search manolis].
[11/03/2022 19:15:47] Getting [50] tweets for period [2022-03-09T19:15:47.213324Z] until [2022-03-10T19:15:47.213324Z]
[11/03/2022 19:15:48] Period [2022-03-09T19:15:47.213324Z - 2022-03-10T19:15:47.213324Z] Stopping due no more next tokens.
[11/03/2022 19:15:53] Search finished. 50 downloaded.
[11/03/2022 19:16:17] Starting search for tweets using query [search σόνια].
[11/03/2022 19:16:17] Getting [50] tweets for period [2022-03-09T19:15:47.213324Z] until [2022-03-10T19:15:47.213324Z]
[11/03/2022 19:16:19] Period [2022-03-09T19:15:47.213324Z - 2022-03-10T19:15:47.213324Z] Stopping due no more next tokens.
[11/03/2022 19:16:24] Getting [50] tweets for period [] until []
[11/03/2022 19:16:25] Period [ - ] Twitter endpoint error. Message:(400, '{"errors":[{"parameters":{"start_time":[""]},"message":"The `start_time` query parameter value [] is not a valid RFC3339 date-time."},{"parameters":{"end_time":[""]},"message":"The `end_time` query parameter value [] is not a valid RFC3339 date-time."}],"title":"Invalid Request","detail":"One or more parameters to your request was invalid.","type":"https://api.twitter.com/2/problems/invalid-request"}')
[11/03/2022 19:28:07] Starting search for tweets using query [search sonia].
[11/03/2022 19:28:07] Getting [50] tweets for period [2022-03-09T19:28:07.100387Z] until [2022-03-10T19:28:07.100387Z]
[11/03/2022 19:28:10] Period [2022-03-09T19:28:07.100387Z - 2022-03-10T19:28:07.100387Z] Stopping due to max period number of tweets [50] reached.
[11/03/2022 19:28:15] Search finished. 50 downloaded.
[11/03/2022 20:48:15] Getting [50] tweets for period [] until []
[11/03/2022 20:48:15] Period [ - ] Twitter endpoint error. Message:(400, '{"errors":[{"parameters":{"start_time":[""]},"message":"The `start_time` query parameter value [] is not a valid RFC3339 date-time."},{"parameters":{"end_time":[""]},"message":"The `end_time` query parameter value [] is not a valid RFC3339 date-time."}],"title":"Invalid Request","detail":"One or more parameters to your request was invalid.","type":"https://api.twitter.com/2/problems/invalid-request"}')
[11/03/2022 20:49:27] Starting search for tweets using query [search mmm].
[11/03/2022 20:49:27] Getting [50] tweets for period [2022-03-09T20:49:27.612627Z] until [2022-03-10T20:49:27.612627Z]
[11/03/2022 20:49:31] Period [2022-03-09T20:49:27.612627Z - 2022-03-10T20:49:27.612627Z] Stopping due to max period number of tweets [50] reached.
[11/03/2022 20:49:36] Search finished. 50 downloaded.
[11/03/2022 20:50:27] Starting search for tweets using query [search -f 21/05/2018 -u 23/05/2018 -n 11 mmm].
[11/03/2022 20:50:27] Getting [11] tweets for period [2022-03-09T20:49:27.612627Z] until [2022-03-10T20:49:27.612627Z]
[11/03/2022 20:50:32] Period [2022-03-09T20:49:27.612627Z - 2022-03-10T20:49:27.612627Z] Stopping due to max period number of tweets [11] reached.
[11/03/2022 20:50:37] Getting [11] tweets for period [2018-05-21T00:00:00Z] until [2018-05-23T00:00:00Z]
[11/03/2022 20:50:41] Period [2018-05-21T00:00:00Z - 2018-05-23T00:00:00Z] Stopping due to max period number of tweets [11] reached.
[11/03/2022 20:50:46] Search finished. 22 downloaded.
[11/03/2022 20:51:30] Getting [11] tweets for period [2018-05-21T00:00:00Z] until [2018-05-21T10:00:00Z]
[11/03/2022 20:51:34] Period [2018-05-21T00:00:00Z - 2018-05-21T10:00:00Z] Stopping due to max period number of tweets [11] reached.
[11/03/2022 20:51:39] Getting [11] tweets for period [2018-05-21T10:00:00Z] until [2018-05-21T20:00:00Z]
[11/03/2022 20:51:43] Period [2018-05-21T10:00:00Z - 2018-05-21T20:00:00Z] Stopping due to max period number of tweets [11] reached.
[11/03/2022 20:51:48] Getting [11] tweets for period [2018-05-21T20:00:00Z] until [2018-05-22T06:00:00Z]
[11/03/2022 20:51:52] Period [2018-05-21T20:00:00Z - 2018-05-22T06:00:00Z] Stopping due to max period number of tweets [11] reached.
[11/03/2022 20:51:57] Getting [11] tweets for period [2018-05-22T06:00:00Z] until [2018-05-22T16:00:00Z]
[11/03/2022 20:52:01] Period [2018-05-22T06:00:00Z - 2018-05-22T16:00:00Z] Stopping due to max period number of tweets [11] reached.
[11/03/2022 20:52:07] Getting [11] tweets for period [2018-05-22T16:00:00Z] until [2018-05-23T00:00:00Z]
[11/03/2022 20:52:10] Period [2018-05-22T16:00:00Z - 2018-05-23T00:00:00Z] Stopping due to max period number of tweets [11] reached.
[11/03/2022 20:53:30] Getting [11] tweets for period [2018-05-21T19:00:00Z] until [2018-05-22T07:00:10Z]
[11/03/2022 20:53:31] Period [2018-05-21T19:00:00Z - 2018-05-22T07:00:10Z] Stopping due no more next tokens.
[11/03/2022 20:53:36] Getting [11] tweets for period [2018-05-22T07:00:10Z] until [2018-05-22T19:00:20Z]
[11/03/2022 20:53:37] Period [2018-05-22T07:00:10Z - 2018-05-22T19:00:20Z] Stopping due no more next tokens.
[11/03/2022 20:53:42] Getting [11] tweets for period [2018-05-22T19:00:20Z] until [2018-05-23T07:00:30Z]
[11/03/2022 20:53:43] Period [2018-05-22T19:00:20Z - 2018-05-23T07:00:30Z] Stopping due no more next tokens.
[11/03/2022 20:53:48] Getting [11] tweets for period [2018-05-23T07:00:30Z] until [2018-05-23T19:00:40Z]
[11/03/2022 20:53:49] Period [2018-05-23T07:00:30Z - 2018-05-23T19:00:40Z] Stopping due no more next tokens.
[11/03/2022 20:53:54] Getting [11] tweets for period [2018-05-23T19:00:40Z] until [2018-05-23T19:05:05Z]
[11/03/2022 20:53:54] Period [2018-05-23T19:00:40Z - 2018-05-23T19:05:05Z] Stopping due no more next tokens.
[11/03/2022 20:54:10] Getting [11] tweets for period [2022-03-09T20:54:10.999630Z] until [2022-03-10T20:54:10.999630Z]
[11/03/2022 20:54:11] Period [2022-03-09T20:54:10.999630Z - 2022-03-10T20:54:10.999630Z] Stopping due no more next tokens.
[11/03/2022 20:59:50] Getting [11] tweets for period [2022-03-09T20:59:50.617016Z] until [2017-03-08T00:00:00Z]
[11/03/2022 20:59:50] Period [2022-03-09T20:59:50.617016Z - 2017-03-08T00:00:00Z] Twitter endpoint error. Message:(400, '{"errors":[{"parameters":{"query":[""]},"message":"Invalid \'query\':\'\'. \'query\' must be a non-empty string"},{"parameters":{"start_time":["2022-03-09T20:59Z"],"end_time":["2017-03-08T00:00Z"]},"message":"Invalid \'start_time\':\'2022-03-09T20:59Z\'. \'start_time\' must be before \'end_time\':2017-03-08T00:00Z"}],"title":"Invalid Request","detail":"One or more parameters to your request was invalid.","type":"https://api.twitter.com/2/problems/invalid-request"}')
[11/03/2022 21:00:33] Getting [50] tweets for period [2022-03-09T21:00:33.272870Z] until [2017-03-08T00:00:00Z]
[11/03/2022 21:00:33] Period [2022-03-09T21:00:33.272870Z - 2017-03-08T00:00:00Z] Twitter endpoint error. Message:(400, '{"errors":[{"parameters":{"start_time":["2022-03-09T21:00Z"],"end_time":["2017-03-08T00:00Z"]},"message":"Invalid \'start_time\':\'2022-03-09T21:00Z\'. \'start_time\' must be before \'end_time\':2017-03-08T00:00Z"}],"title":"Invalid Request","detail":"One or more parameters to your request was invalid.","type":"https://api.twitter.com/2/problems/invalid-request"}')
[11/03/2022 21:47:54] Getting [50] tweets for period [2022-03-09T21:47:54.287972Z] until [2022-03-10T21:47:54.287972Z]
[11/03/2022 21:47:55] Period [2022-03-09T21:47:54.287972Z - 2022-03-10T21:47:54.287972Z] Stopping due no more next tokens.
[11/03/2022 21:55:51] Getting [50] tweets for period [2022-03-09T21:55:51.650374Z] until [2022-03-10T21:55:51.650374Z]
[11/03/2022 21:55:52] Period [2022-03-09T21:55:51.650374Z - 2022-03-10T21:55:51.650374Z] Stopping due no more next tokens.
[11/03/2022 21:56:01] Getting [50] tweets for period [2022-03-09T21:56:01.833200Z] until [2022-03-10T21:56:01.833200Z]
[11/03/2022 21:56:05] Period [2022-03-09T21:56:01.833200Z - 2022-03-10T21:56:01.833200Z] Stopping due to max period number of tweets [50] reached.
[11/03/2022 21:56:43] Getting [50] tweets for period [1979-01-01T00:00:00Z] until [1970-01-01T00:00:00Z]
[11/03/2022 21:56:44] Period [1979-01-01T00:00:00Z - 1970-01-01T00:00:00Z] Twitter endpoint error. Message:(400, '{"errors":[{"parameters":{"start_time":["1979-01-01T00:00Z"]},"message":"Invalid \'start_time\':\'1979-01-01T00:00Z\'. \'start_time\' must be on or after 2006-03-21T00:00Z"},{"parameters":{"end_time":["1970-01-01T00:00Z"]},"message":"Invalid \'end_time\':\'1970-01-01T00:00Z\'. \'end_time\' must be on or after 2006-03-21T00:00Z"},{"parameters":{"start_time":["1979-01-01T00:00Z"],"end_time":["1970-01-01T00:00Z"]},"message":"Invalid \'start_time\':\'1979-01-01T00:00Z\'. \'start_time\' must be before \'end_time\':1970-01-01T00:00Z"}],"title":"Invalid Request","detail":"One or more parameters to your request was invalid.","type":"https://api.twitter.com/2/problems/invalid-request"}')
[11/03/2022 21:57:35] Getting [50] tweets for period [2019-05-21T00:00:00Z] until [2019-05-31T00:00:00Z]
[11/03/2022 21:57:39] Period [2019-05-21T00:00:00Z - 2019-05-31T00:00:00Z] Stopping due to max period number of tweets [50] reached.
[11/03/2022 21:57:56] Getting [50] tweets for period [2020-05-21T00:00:00Z] until [2019-05-31T00:00:00Z]
[11/03/2022 21:57:57] Period [2020-05-21T00:00:00Z - 2019-05-31T00:00:00Z] Twitter endpoint error. Message:(400, '{"errors":[{"parameters":{"start_time":["2020-05-21T00:00Z"],"end_time":["2019-05-31T00:00Z"]},"message":"Invalid \'start_time\':\'2020-05-21T00:00Z\'. \'start_time\' must be before \'end_time\':2019-05-31T00:00Z"}],"title":"Invalid Request","detail":"One or more parameters to your request was invalid.","type":"https://api.twitter.com/2/problems/invalid-request"}')
[11/03/2022 22:06:17] Getting [50] tweets for period [2020-05-21T00:00:00Z] until [2020-05-31T00:00:00Z]
[11/03/2022 22:06:21] Period [2020-05-21T00:00:00Z - 2020-05-31T00:00:00Z] Stopping due to max period number of tweets [50] reached.
[11/03/2022 22:08:54] Getting [50] tweets for period [2020-05-21T16:05:20Z] until [2020-05-21T16:07:13Z]
[11/03/2022 22:08:55] Period [2020-05-21T16:05:20Z - 2020-05-21T16:07:13Z] Stopping due no more next tokens.
[12/03/2022 09:23:07] Starting search for tweets using query [search sonia -n 3].
[12/03/2022 09:23:07] Getting [300] tweets for period [2022-03-10T00:00:00Z] until [2022-03-11T00:00:00Z]
[12/03/2022 09:23:08] Period [2022-03-10T00:00:00Z - 2022-03-11T00:00:00Z] Twitter endpoint error. Message:(401, '{\n  "title": "Unauthorized",\n  "type": "about:blank",\n  "status": 401,\n  "detail": "Unauthorized"\n}')
